[INFO] 23-04-2023 16:18:19 [main] Log - Add a new customer success
[INFO] 23-04-2023 16:24:36 [main] Log - Add a new customer success
[INFO] 23-04-2023 16:29:52 [main] Log - Add a new customer success
[INFO] 23-04-2023 16:29:52 [main] Log - Delete customer
[INFO] 23-04-2023 16:32:37 [main] Log - Add a new customer success
[INFO] 23-04-2023 16:32:37 [main] Log - Delete customer
[INFO] 23-04-2023 16:34:11 [main] Log - Add a new customer success
[INFO] 23-04-2023 16:34:11 [main] Log - Delete customer
[INFO] 23-04-2023 16:40:18 [main] Log - Add a new customer success
[INFO] 23-04-2023 16:40:22 [main] Log - Driver in TestContext: ChromeDriver: chrome on WINDOWS (2e01b47ba6054a1f884e47e6c26d0e08)
[INFO] 23-04-2023 16:40:25 [main] Log - Click element: By.xpath: //input[@id='email']
[INFO] 23-04-2023 16:40:25 [main] Log - Clear text on: By.xpath: //input[@id='email']
[INFO] 23-04-2023 16:40:25 [main] Log - Set text {1} on {0}
[INFO] 23-04-2023 16:40:27 [main] Log - Click element: By.xpath: //input[@id='password']
[INFO] 23-04-2023 16:40:27 [main] Log - Clear text on: By.xpath: //input[@id='password']
[INFO] 23-04-2023 16:40:27 [main] Log - Set text {1} on {0}
[INFO] 23-04-2023 16:40:30 [main] Log - Click element: By.xpath: //button[normalize-space() = 'Login']
[INFO] 23-04-2023 16:40:30 [main] Log - Add a new customer success
[INFO] 23-04-2023 16:40:30 [main] Log - Delete customer
[INFO] 23-04-2023 16:40:31 [main] Log - Driver in TestContext: ChromeDriver: chrome on WINDOWS (6f3f87c7580da8e6cff1f0bb2bc2f770)
[INFO] 23-04-2023 16:40:33 [main] Log - Click element: By.xpath: //input[@id='email']
[INFO] 23-04-2023 16:40:33 [main] Log - Clear text on: By.xpath: //input[@id='email']
[INFO] 23-04-2023 16:40:33 [main] Log - Set text {1} on {0}
[INFO] 23-04-2023 16:40:35 [main] Log - Click element: By.xpath: //input[@id='password']
[INFO] 23-04-2023 16:40:35 [main] Log - Clear text on: By.xpath: //input[@id='password']
[INFO] 23-04-2023 16:40:35 [main] Log - Set text {1} on {0}
[INFO] 23-04-2023 16:40:41 [main] Log - Click element: By.xpath: //button[normalize-space() = 'Login']
[INFO] 23-04-2023 16:40:41 [main] Log - Delete customer
[INFO] 23-04-2023 16:41:26 [main] Log - Add a new customer success
[INFO] 23-04-2023 16:41:27 [main] Log - Driver in TestContext: ChromeDriver: chrome on WINDOWS (1bf95680f556fe4333e0d651d342dea6)
[INFO] 23-04-2023 16:41:30 [main] Log - Click element: By.xpath: //input[@id='email']
[INFO] 23-04-2023 16:41:30 [main] Log - Clear text on: By.xpath: //input[@id='email']
[INFO] 23-04-2023 16:41:30 [main] Log - Set text {1} on {0}
[INFO] 23-04-2023 16:41:32 [main] Log - Click element: By.xpath: //input[@id='password']
[INFO] 23-04-2023 16:41:32 [main] Log - Clear text on: By.xpath: //input[@id='password']
[INFO] 23-04-2023 16:41:32 [main] Log - Set text {1} on {0}
[INFO] 23-04-2023 16:41:34 [main] Log - Click element: By.xpath: //button[normalize-space() = 'Login']
[INFO] 23-04-2023 16:41:34 [main] Log - Add a new customer success
[INFO] 23-04-2023 16:43:36 [main] Log - Add a new customer success
[INFO] 23-04-2023 16:43:37 [main] Log - Driver in TestContext: ChromeDriver: chrome on WINDOWS (2147b556ffafb9e06424d714cc341d86)
[INFO] 23-04-2023 16:43:40 [main] Log - Click element: By.xpath: //input[@id='email']
[INFO] 23-04-2023 16:43:40 [main] Log - Clear text on: By.xpath: //input[@id='email']
[INFO] 23-04-2023 16:43:40 [main] Log - Set text {1} on {0}
[INFO] 23-04-2023 16:43:42 [main] Log - Click element: By.xpath: //input[@id='password']
[INFO] 23-04-2023 16:43:42 [main] Log - Clear text on: By.xpath: //input[@id='password']
[INFO] 23-04-2023 16:43:42 [main] Log - Set text {1} on {0}
[INFO] 23-04-2023 16:43:44 [main] Log - Click element: By.xpath: //button[normalize-space() = 'Login']
[INFO] 23-04-2023 16:43:44 [main] Log - Add a new customer success
[INFO] 23-04-2023 16:43:46 [main] Log - Click element: By.xpath: //span[normalize-space()='Customers']
[INFO] 23-04-2023 16:43:46 [main] Log - Wait until the element By.xpath: //span[normalize-space()='Customers Summary'] is visible
[INFO] 23-04-2023 16:43:46 [main] Log - Add a new customer success
[INFO] 23-04-2023 16:43:47 [main] Log - Click element: By.xpath: //a[normalize-space()='New Customer']
[INFO] 23-04-2023 16:43:48 [main] Log - Set text MoMo iNhHOZH on By.xpath: //input[@id='company'] and key down enter
[INFO] 23-04-2023 16:43:49 [main] Log - Set text 0869905206 on By.xpath: //input[@id='phonenumber'] and key down enter
[INFO] 23-04-2023 16:43:50 [main] Log - Set text https://momo.vn on By.xpath: //input[@id='website'] and key down enter
[INFO] 23-04-2023 16:43:50 [main] Log - Add a new customer success
[INFO] 23-04-2023 16:43:53 [main] Log - Click element: By.xpath: //button[@class='btn btn-primary only-save customer-form-submiter']
[INFO] 23-04-2023 16:43:53 [main] Log - Wait until the element By.xpath: //div[normalize-space()='×Customer added successfully.'] is visible
[INFO] 23-04-2023 16:43:53 [main] Log - Add a new customer success
[INFO] 23-04-2023 16:43:53 [main] Log - Verify By.xpath: //span[contains(text(),'MoMo iNhHOZH')] is displayed
[INFO] 23-04-2023 16:43:53 [main] Log - Verify By.xpath: //h4[normalize-space()='Profile'] is displayed
[INFO] 23-04-2023 16:43:53 [main] Log - Verify By.xpath: //input[@value='MoMo iNhHOZH'] is displayed
[INFO] 23-04-2023 16:43:53 [main] Log - Verify By.xpath: //input[@value='0869905206'] is displayed
[INFO] 23-04-2023 16:43:53 [main] Log - Verify By.xpath: //input[@value='https://momo.vn'] is displayed
[INFO] 23-04-2023 16:44:13 [main] Log - Delete customer
[INFO] 23-04-2023 16:44:15 [main] Log - Driver in TestContext: ChromeDriver: chrome on WINDOWS (a7bda1baccc029d540479b9539c95d0e)
[INFO] 23-04-2023 16:44:17 [main] Log - Click element: By.xpath: //input[@id='email']
[INFO] 23-04-2023 16:44:17 [main] Log - Clear text on: By.xpath: //input[@id='email']
[INFO] 23-04-2023 16:44:17 [main] Log - Set text {1} on {0}
[INFO] 23-04-2023 16:44:20 [main] Log - Click element: By.xpath: //input[@id='password']
[INFO] 23-04-2023 16:44:20 [main] Log - Clear text on: By.xpath: //input[@id='password']
[INFO] 23-04-2023 16:44:20 [main] Log - Set text {1} on {0}
[INFO] 23-04-2023 16:44:22 [main] Log - Click element: By.xpath: //button[normalize-space() = 'Login']
[INFO] 23-04-2023 16:44:22 [main] Log - Delete customer
[INFO] 23-04-2023 16:44:23 [main] Log - Click element: By.xpath: //span[normalize-space()='Customers']
[INFO] 23-04-2023 16:44:23 [main] Log - Wait until the element By.xpath: //span[normalize-space()='Customers Summary'] is visible
[INFO] 23-04-2023 16:44:23 [main] Log - Delete customer
[INFO] 23-04-2023 16:44:26 [main] Log - Click element: By.xpath: //input[@class='form-control input-sm']
[INFO] 23-04-2023 16:44:26 [main] Log - Clear text on: By.xpath: //input[@class='form-control input-sm']
[INFO] 23-04-2023 16:48:19 [main] Log - Delete customer
[INFO] 23-04-2023 16:48:20 [main] Log - Driver in TestContext: ChromeDriver: chrome on WINDOWS (1da543257601b4e4dfe5b368cd53eb0b)
[INFO] 23-04-2023 16:48:23 [main] Log - Click element: By.xpath: //input[@id='email']
[INFO] 23-04-2023 16:48:23 [main] Log - Clear text on: By.xpath: //input[@id='email']
[INFO] 23-04-2023 16:48:23 [main] Log - Set text {1} on {0}
[INFO] 23-04-2023 16:48:25 [main] Log - Click element: By.xpath: //input[@id='password']
[INFO] 23-04-2023 16:48:25 [main] Log - Clear text on: By.xpath: //input[@id='password']
[INFO] 23-04-2023 16:48:25 [main] Log - Set text {1} on {0}
[INFO] 23-04-2023 16:48:27 [main] Log - Click element: By.xpath: //button[normalize-space() = 'Login']
[INFO] 23-04-2023 16:48:27 [main] Log - Delete customer
[INFO] 23-04-2023 16:48:29 [main] Log - Click element: By.xpath: //span[normalize-space()='Customers']
[INFO] 23-04-2023 16:48:29 [main] Log - Wait until the element By.xpath: //span[normalize-space()='Customers Summary'] is visible
[INFO] 23-04-2023 16:48:29 [main] Log - Delete customer
[INFO] 23-04-2023 16:48:32 [main] Log - Click element: By.xpath: //input[@class='form-control input-sm']
[INFO] 23-04-2023 16:48:32 [main] Log - Clear text on: By.xpath: //input[@class='form-control input-sm']
[INFO] 23-04-2023 16:50:54 [main] Log - Delete customer
[INFO] 23-04-2023 16:50:55 [main] Log - Driver in TestContext: ChromeDriver: chrome on WINDOWS (b6cc3688de4118063bd245c21f6546d1)
[INFO] 23-04-2023 16:50:58 [main] Log - Click element: By.xpath: //input[@id='email']
[INFO] 23-04-2023 16:50:58 [main] Log - Clear text on: By.xpath: //input[@id='email']
[INFO] 23-04-2023 16:50:58 [main] Log - Set text {1} on {0}
[INFO] 23-04-2023 16:51:00 [main] Log - Click element: By.xpath: //input[@id='password']
[INFO] 23-04-2023 16:51:00 [main] Log - Clear text on: By.xpath: //input[@id='password']
[INFO] 23-04-2023 16:51:00 [main] Log - Set text {1} on {0}
[INFO] 23-04-2023 16:51:03 [main] Log - Click element: By.xpath: //button[normalize-space() = 'Login']
[INFO] 23-04-2023 16:51:03 [main] Log - Delete customer
[INFO] 23-04-2023 16:51:04 [main] Log - Click element: By.xpath: //span[normalize-space()='Customers']
[INFO] 23-04-2023 16:51:04 [main] Log - Wait until the element By.xpath: //span[normalize-space()='Customers Summary'] is visible
[INFO] 23-04-2023 16:51:04 [main] Log - Delete customer
[INFO] 23-04-2023 16:51:07 [main] Log - Click element: By.xpath: //input[@class='form-control input-sm']
[INFO] 23-04-2023 16:51:07 [main] Log - Clear text on: By.xpath: //input[@class='form-control input-sm']
[INFO] 23-04-2023 16:51:21 [main] Log - Add a new customer success
[INFO] 23-04-2023 16:51:22 [main] Log - Driver in TestContext: ChromeDriver: chrome on WINDOWS (73c31d9c40102c8d77139b81cad3684d)
[INFO] 23-04-2023 16:51:25 [main] Log - Click element: By.xpath: //input[@id='email']
[INFO] 23-04-2023 16:51:25 [main] Log - Clear text on: By.xpath: //input[@id='email']
[INFO] 23-04-2023 16:51:25 [main] Log - Set text {1} on {0}
[INFO] 23-04-2023 16:51:27 [main] Log - Click element: By.xpath: //input[@id='password']
[INFO] 23-04-2023 16:51:27 [main] Log - Clear text on: By.xpath: //input[@id='password']
[INFO] 23-04-2023 16:51:27 [main] Log - Set text {1} on {0}
[INFO] 23-04-2023 16:51:29 [main] Log - Click element: By.xpath: //button[normalize-space() = 'Login']
[INFO] 23-04-2023 16:51:29 [main] Log - Add a new customer success
[INFO] 23-04-2023 16:51:30 [main] Log - Click element: By.xpath: //span[normalize-space()='Customers']
[INFO] 23-04-2023 16:51:30 [main] Log - Wait until the element By.xpath: //span[normalize-space()='Customers Summary'] is visible
[INFO] 23-04-2023 16:51:30 [main] Log - Add a new customer success
[INFO] 23-04-2023 16:51:32 [main] Log - Click element: By.xpath: //a[normalize-space()='New Customer']
[INFO] 23-04-2023 16:51:33 [main] Log - Set text MoMo AipVNej on By.xpath: //input[@id='company'] and key down enter
[INFO] 23-04-2023 16:51:34 [main] Log - Set text 0869905206 on By.xpath: //input[@id='phonenumber'] and key down enter
[INFO] 23-04-2023 16:51:35 [main] Log - Set text https://momo.vn on By.xpath: //input[@id='website'] and key down enter
[INFO] 23-04-2023 16:51:35 [main] Log - Add a new customer success
[INFO] 23-04-2023 16:51:37 [main] Log - Click element: By.xpath: //button[@class='btn btn-primary only-save customer-form-submiter']
[INFO] 23-04-2023 16:51:37 [main] Log - Wait until the element By.xpath: //div[normalize-space()='×Customer added successfully.'] is visible
[INFO] 23-04-2023 16:51:37 [main] Log - Add a new customer success
[INFO] 23-04-2023 16:51:37 [main] Log - Verify By.xpath: //span[contains(text(),'MoMo AipVNej')] is displayed
[INFO] 23-04-2023 16:51:37 [main] Log - Verify By.xpath: //h4[normalize-space()='Profile'] is displayed
[INFO] 23-04-2023 16:51:37 [main] Log - Verify By.xpath: //input[@value='MoMo AipVNej'] is displayed
[INFO] 23-04-2023 16:51:37 [main] Log - Verify By.xpath: //input[@value='0869905206'] is displayed
[INFO] 23-04-2023 16:51:37 [main] Log - Verify By.xpath: //input[@value='https://momo.vn'] is displayed
[INFO] 23-04-2023 16:51:37 [main] Log - Delete customer
[INFO] 23-04-2023 16:51:38 [main] Log - Driver in TestContext: ChromeDriver: chrome on WINDOWS (0dcf4db99fdde43c952b3b1043bae9d8)
[INFO] 23-04-2023 16:51:40 [main] Log - Click element: By.xpath: //input[@id='email']
[INFO] 23-04-2023 16:51:40 [main] Log - Clear text on: By.xpath: //input[@id='email']
[INFO] 23-04-2023 16:51:40 [main] Log - Set text {1} on {0}
[INFO] 23-04-2023 16:51:42 [main] Log - Click element: By.xpath: //input[@id='password']
[INFO] 23-04-2023 16:51:42 [main] Log - Clear text on: By.xpath: //input[@id='password']
[INFO] 23-04-2023 16:51:42 [main] Log - Set text {1} on {0}
[INFO] 23-04-2023 22:31:46 [main] Log - Add a new customer success
[INFO] 23-04-2023 22:31:51 [main] Log - Driver in TestContext: ChromeDriver: chrome on WINDOWS (e25407e05404479b08da8b1f11a3fba4)
[INFO] 23-04-2023 22:31:54 [main] Log - Click element: By.xpath: //input[@id='email']
[INFO] 23-04-2023 22:31:54 [main] Log - Clear text on: By.xpath: //input[@id='email']
[INFO] 23-04-2023 22:31:54 [main] Log - Set text {1} on {0}
[INFO] 23-04-2023 22:31:57 [main] Log - Click element: By.xpath: //input[@id='password']
[INFO] 23-04-2023 22:31:57 [main] Log - Clear text on: By.xpath: //input[@id='password']
[INFO] 23-04-2023 22:31:57 [main] Log - Set text {1} on {0}
[INFO] 23-04-2023 22:32:00 [main] Log - Click element: By.xpath: //button[normalize-space() = 'Login']
[INFO] 23-04-2023 22:32:00 [main] Log - Add a new customer success
[INFO] 23-04-2023 22:32:02 [main] Log - Click element: By.xpath: //span[normalize-space()='Customers']
[INFO] 23-04-2023 22:32:02 [main] Log - Wait until the element By.xpath: //span[normalize-space()='Customers Summary'] is visible
[INFO] 23-04-2023 22:32:02 [main] Log - Add a new customer success
[INFO] 23-04-2023 22:32:04 [main] Log - Click element: By.xpath: //a[normalize-space()='New Customer']
[INFO] 23-04-2023 22:32:06 [main] Log - Set text MoMo YJNkJfA on By.xpath: //input[@id='company'] and key down enter
[INFO] 23-04-2023 22:32:07 [main] Log - Set text 0869905206 on By.xpath: //input[@id='phonenumber'] and key down enter
[INFO] 23-04-2023 22:32:08 [main] Log - Set text https://momo.vn on By.xpath: //input[@id='website'] and key down enter
[INFO] 23-04-2023 22:32:08 [main] Log - Add a new customer success
[INFO] 23-04-2023 22:32:11 [main] Log - Click element: By.xpath: //button[@class='btn btn-primary only-save customer-form-submiter']
[INFO] 23-04-2023 22:32:11 [main] Log - Wait until the element By.xpath: //div[normalize-space()='×Customer added successfully.'] is visible
[INFO] 23-04-2023 22:32:11 [main] Log - Add a new customer success
[INFO] 23-04-2023 22:32:11 [main] Log - Verify By.xpath: //span[contains(text(),'MoMo YJNkJfA')] is displayed
[INFO] 23-04-2023 22:32:11 [main] Log - Verify By.xpath: //h4[normalize-space()='Profile'] is displayed
[INFO] 23-04-2023 22:32:12 [main] Log - Verify By.xpath: //input[@value='MoMo YJNkJfA'] is displayed
[INFO] 23-04-2023 22:32:12 [main] Log - Verify By.xpath: //input[@value='0869905206'] is displayed
[INFO] 23-04-2023 22:32:12 [main] Log - Verify By.xpath: //input[@value='https://momo.vn'] is displayed
[INFO] 25-04-2023 19:57:53 [main] Log - Add a new customer success
[INFO] 25-04-2023 19:57:56 [main] Log - Driver in TestContext: ChromeDriver: chrome on WINDOWS (be2c130b40210a4ba8cc56b1a83e5873)
[INFO] 25-04-2023 19:57:59 [main] Log - Click element: By.xpath: //input[@id='email']
[INFO] 25-04-2023 19:57:59 [main] Log - Clear text on: By.xpath: //input[@id='email']
[INFO] 25-04-2023 19:57:59 [main] Log - Set text {1} on {0}
[INFO] 25-04-2023 19:58:01 [main] Log - Click element: By.xpath: //input[@id='password']
[INFO] 25-04-2023 19:58:01 [main] Log - Clear text on: By.xpath: //input[@id='password']
[INFO] 25-04-2023 19:58:01 [main] Log - Set text {1} on {0}
[INFO] 25-04-2023 19:58:03 [main] Log - Click element: By.xpath: //button[normalize-space() = 'Login']
[INFO] 25-04-2023 19:58:03 [main] Log - Add a new customer success
[INFO] 25-04-2023 19:58:05 [main] Log - Click element: By.xpath: //span[normalize-space()='Customers']
[INFO] 25-04-2023 19:58:05 [main] Log - Wait until the element By.xpath: //span[normalize-space()='Customers Summary'] is visible
[INFO] 25-04-2023 19:58:05 [main] Log - Add a new customer success
[INFO] 25-04-2023 19:58:06 [main] Log - Click element: By.xpath: //a[normalize-space()='New Customer']
[INFO] 25-04-2023 19:58:07 [main] Log - Set text MoMo nXsJHek on By.xpath: //input[@id='company'] and key down enter
[INFO] 25-04-2023 19:58:08 [main] Log - Set text 0869905206 on By.xpath: //input[@id='phonenumber'] and key down enter
[INFO] 25-04-2023 19:58:09 [main] Log - Set text https://momo.vn on By.xpath: //input[@id='website'] and key down enter
[INFO] 25-04-2023 19:58:09 [main] Log - Add a new customer success
[INFO] 25-04-2023 19:58:11 [main] Log - Click element: By.xpath: //button[@class='btn btn-primary only-save customer-form-submiter']
[INFO] 25-04-2023 19:58:11 [main] Log - Wait until the element By.xpath: //div[normalize-space()='×Customer added successfully.'] is visible
[INFO] 25-04-2023 19:58:11 [main] Log - Add a new customer success
[INFO] 25-04-2023 19:58:11 [main] Log - Verify By.xpath: //span[contains(text(),'MoMo nXsJHek')] is displayed
[INFO] 25-04-2023 19:58:11 [main] Log - Verify By.xpath: //h4[normalize-space()='Profile'] is displayed
[INFO] 25-04-2023 19:58:11 [main] Log - Verify By.xpath: //input[@value='MoMo nXsJHek'] is displayed
[INFO] 25-04-2023 19:58:11 [main] Log - Verify By.xpath: //input[@value='0869905206'] is displayed
[INFO] 25-04-2023 19:58:11 [main] Log - Verify By.xpath: //input[@value='https://momo.vn'] is displayed
[INFO] 25-04-2023 19:58:11 [main] Log - Delete customer
[INFO] 25-04-2023 19:58:12 [main] Log - Driver in TestContext: ChromeDriver: chrome on WINDOWS (d29d863e2de4129c6d6f9b8644f48e38)
[INFO] 25-04-2023 19:58:15 [main] Log - Click element: By.xpath: //input[@id='email']
[INFO] 25-04-2023 19:58:15 [main] Log - Clear text on: By.xpath: //input[@id='email']
[INFO] 25-04-2023 19:58:15 [main] Log - Set text {1} on {0}
[INFO] 25-04-2023 19:58:17 [main] Log - Click element: By.xpath: //input[@id='password']
[INFO] 25-04-2023 19:58:17 [main] Log - Clear text on: By.xpath: //input[@id='password']
[INFO] 25-04-2023 19:58:17 [main] Log - Set text {1} on {0}
[INFO] 25-04-2023 19:58:19 [main] Log - Click element: By.xpath: //button[normalize-space() = 'Login']
[INFO] 25-04-2023 19:58:19 [main] Log - Delete customer
[INFO] 25-04-2023 19:58:21 [main] Log - Click element: By.xpath: //span[normalize-space()='Customers']
[INFO] 25-04-2023 19:58:21 [main] Log - Wait until the element By.xpath: //span[normalize-space()='Customers Summary'] is visible
[INFO] 25-04-2023 19:58:21 [main] Log - Delete customer
[INFO] 25-04-2023 19:58:23 [main] Log - Click element: By.xpath: //input[@class='form-control input-sm']
[INFO] 25-04-2023 19:58:23 [main] Log - Clear text on: By.xpath: //input[@class='form-control input-sm']
[INFO] 25-04-2023 19:58:23 [main] Log - Set text {1} on {0}
[INFO] 25-04-2023 19:58:23 [main] Log - Delete customer
[INFO] 25-04-2023 19:58:24 [main] Log - Wait until the element By.xpath: //tr[@class='has-row-options odd']//a[contains(text(),'MoMo nXsJHek')] is visible
[INFO] 25-04-2023 19:58:26 [main] Log - Click element: By.xpath: //tr[@class='has-row-options odd']//a[@class='text-danger _delete'][normalize-space()='Delete']
[INFO] 25-04-2023 19:58:26 [main] Log - Delete customer
[INFO] 25-04-2023 19:58:28 [main] Log - Delete customer
[INFO] 25-04-2023 19:58:30 [main] Log - Verify By.xpath: //span[normalize-space()='Customer deleted'] is displayed
[INFO] 11-05-2023 20:38:37 [main] Log - Add a new customer success
[INFO] 11-05-2023 20:38:41 [main] Log - Driver in TestContext: ChromeDriver: chrome on windows (db94689d17115223c681761310c0dd8c)
[INFO] 11-05-2023 20:38:43 [main] Log - Click element: By.xpath: //input[@id='email']
[INFO] 11-05-2023 20:38:43 [main] Log - Clear text on: By.xpath: //input[@id='email']
[INFO] 11-05-2023 20:38:43 [main] Log - Set text {1} on {0}
[INFO] 11-05-2023 20:38:46 [main] Log - Click element: By.xpath: //input[@id='password']
[INFO] 11-05-2023 20:38:46 [main] Log - Clear text on: By.xpath: //input[@id='password']
[INFO] 11-05-2023 20:38:46 [main] Log - Set text {1} on {0}
[INFO] 11-05-2023 20:38:48 [main] Log - Click element: By.xpath: //button[normalize-space() = 'Login']
[INFO] 11-05-2023 20:38:48 [main] Log - Add a new customer success
[INFO] 11-05-2023 20:38:50 [main] Log - Click element: By.xpath: //span[normalize-space()='Customers']
[INFO] 11-05-2023 20:38:50 [main] Log - Wait until the element By.xpath: //span[normalize-space()='Customers Summary'] is visible
[INFO] 11-05-2023 20:38:50 [main] Log - Add a new customer success
[INFO] 11-05-2023 20:38:51 [main] Log - Click element: By.xpath: //a[normalize-space()='New Customer']
[INFO] 11-05-2023 20:38:52 [main] Log - Set text MoMo LVkmBfr on By.xpath: //input[@id='company'] and key down enter
[INFO] 11-05-2023 20:38:53 [main] Log - Set text 0869905206 on By.xpath: //input[@id='phonenumber'] and key down enter
[INFO] 11-05-2023 20:38:54 [main] Log - Set text https://momo.vn on By.xpath: //input[@id='website'] and key down enter
[INFO] 11-05-2023 20:38:54 [main] Log - Add a new customer success
[INFO] 11-05-2023 20:38:56 [main] Log - Click element: By.xpath: //button[@class='btn btn-primary only-save customer-form-submiter']
[INFO] 11-05-2023 20:38:56 [main] Log - Wait until the element By.xpath: //div[normalize-space()='×Customer added successfully.'] is visible
[INFO] 11-05-2023 20:38:56 [main] Log - Add a new customer success
[INFO] 11-05-2023 20:38:56 [main] Log - Verify By.xpath: //span[contains(text(),'MoMo LVkmBfr')] is displayed
[INFO] 11-05-2023 20:38:56 [main] Log - Verify By.xpath: //h4[normalize-space()='Profile'] is displayed
[INFO] 11-05-2023 20:38:56 [main] Log - Verify By.xpath: //input[@value='MoMo LVkmBfr'] is displayed
[INFO] 11-05-2023 20:38:56 [main] Log - Verify By.xpath: //input[@value='0869905206'] is displayed
[INFO] 11-05-2023 20:38:56 [main] Log - Verify By.xpath: //input[@value='https://momo.vn'] is displayed
[INFO] 11-05-2023 20:38:57 [main] Log - Delete customer
[INFO] 11-05-2023 20:38:58 [main] Log - Driver in TestContext: ChromeDriver: chrome on windows (31a8de183df595b60eef577aac16346b)
[INFO] 11-05-2023 20:39:00 [main] Log - Click element: By.xpath: //input[@id='email']
[INFO] 11-05-2023 20:39:00 [main] Log - Clear text on: By.xpath: //input[@id='email']
[INFO] 11-05-2023 20:39:00 [main] Log - Set text {1} on {0}
[INFO] 11-05-2023 20:39:02 [main] Log - Click element: By.xpath: //input[@id='password']
[INFO] 11-05-2023 20:39:02 [main] Log - Clear text on: By.xpath: //input[@id='password']
[INFO] 11-05-2023 20:39:02 [main] Log - Set text {1} on {0}
[INFO] 11-05-2023 20:39:05 [main] Log - Click element: By.xpath: //button[normalize-space() = 'Login']
[INFO] 11-05-2023 20:39:05 [main] Log - Delete customer
[INFO] 11-05-2023 20:39:06 [main] Log - Click element: By.xpath: //span[normalize-space()='Customers']
[INFO] 11-05-2023 20:39:06 [main] Log - Wait until the element By.xpath: //span[normalize-space()='Customers Summary'] is visible
[INFO] 11-05-2023 20:39:06 [main] Log - Delete customer
[INFO] 11-05-2023 20:39:09 [main] Log - Click element: By.xpath: //input[@class='form-control input-sm']
[INFO] 11-05-2023 20:39:09 [main] Log - Clear text on: By.xpath: //input[@class='form-control input-sm']
[INFO] 11-05-2023 20:39:09 [main] Log - Set text {1} on {0}
[INFO] 11-05-2023 20:39:09 [main] Log - Delete customer
[INFO] 11-05-2023 20:39:10 [main] Log - Wait until the element By.xpath: //tr[@class='has-row-options odd']//a[contains(text(),'MoMo LVkmBfr')] is visible
[INFO] 11-05-2023 20:39:11 [main] Log - Click element: By.xpath: //tr[@class='has-row-options odd']//a[@class='text-danger _delete'][normalize-space()='Delete']
[INFO] 11-05-2023 20:39:11 [main] Log - Delete customer
[INFO] 11-05-2023 20:39:13 [main] Log - Delete customer
[INFO] 11-05-2023 20:39:15 [main] Log - Verify By.xpath: //span[normalize-space()='Customer deleted'] is displayed
[INFO] 11-05-2023 20:42:26 [main] Log - Add a new customer success
[INFO] 11-05-2023 20:42:27 [main] Log - Driver in TestContext: ChromeDriver: chrome on windows (f098a4f13d433ffae6a87be5ea315cc5)
[INFO] 11-05-2023 20:42:30 [main] Log - Click element: By.xpath: //input[@id='email']
[INFO] 11-05-2023 20:42:30 [main] Log - Clear text on: By.xpath: //input[@id='email']
[INFO] 11-05-2023 20:42:30 [main] Log - Set text {1} on {0}
[INFO] 11-05-2023 20:42:32 [main] Log - Click element: By.xpath: //input[@id='password']
[INFO] 11-05-2023 20:42:32 [main] Log - Clear text on: By.xpath: //input[@id='password']
[INFO] 11-05-2023 20:42:32 [main] Log - Set text {1} on {0}
[INFO] 11-05-2023 20:42:35 [main] Log - Click element: By.xpath: //button[normalize-space() = 'Login']
[INFO] 11-05-2023 20:42:35 [main] Log - Add a new customer success
[INFO] 11-05-2023 20:42:36 [main] Log - Click element: By.xpath: //span[normalize-space()='Customers']
[INFO] 11-05-2023 20:42:36 [main] Log - Wait until the element By.xpath: //span[normalize-space()='Customers Summary'] is visible
[INFO] 11-05-2023 20:42:36 [main] Log - Add a new customer success
[INFO] 11-05-2023 20:42:38 [main] Log - Click element: By.xpath: //a[normalize-space()='New Customer']
[INFO] 11-05-2023 20:42:39 [main] Log - Set text MoMo OrcjLbw on By.xpath: //input[@id='company'] and key down enter
[INFO] 11-05-2023 20:42:40 [main] Log - Set text 0869905206 on By.xpath: //input[@id='phonenumber'] and key down enter
[INFO] 11-05-2023 20:42:41 [main] Log - Set text https://momo.vn on By.xpath: //input[@id='website'] and key down enter
[INFO] 11-05-2023 20:42:41 [main] Log - Add a new customer success
[INFO] 11-05-2023 20:42:43 [main] Log - Click element: By.xpath: //button[@class='btn btn-primary only-save customer-form-submiter']
[INFO] 11-05-2023 20:42:43 [main] Log - Wait until the element By.xpath: //div[normalize-space()='×Customer added successfully.'] is visible
[INFO] 11-05-2023 20:42:43 [main] Log - Add a new customer success
[INFO] 11-05-2023 20:42:43 [main] Log - Verify By.xpath: //span[contains(text(),'MoMo OrcjLbw')] is displayed
[INFO] 11-05-2023 20:42:43 [main] Log - Verify By.xpath: //h4[normalize-space()='Profile'] is displayed
[INFO] 11-05-2023 20:42:43 [main] Log - Verify By.xpath: //input[@value='MoMo OrcjLbw'] is displayed
[INFO] 11-05-2023 20:42:43 [main] Log - Verify By.xpath: //input[@value='0869905206'] is displayed
[INFO] 11-05-2023 20:42:43 [main] Log - Verify By.xpath: //input[@value='https://momo.vn'] is displayed
[INFO] 11-05-2023 20:42:43 [main] Log - Delete customer
[INFO] 11-05-2023 20:42:44 [main] Log - Driver in TestContext: ChromeDriver: chrome on windows (b2c4b7c1c0ddaf224c770316870fa182)
[INFO] 11-05-2023 20:42:46 [main] Log - Click element: By.xpath: //input[@id='email']
[INFO] 11-05-2023 20:42:46 [main] Log - Clear text on: By.xpath: //input[@id='email']
[INFO] 11-05-2023 20:42:46 [main] Log - Set text {1} on {0}
[INFO] 11-05-2023 20:42:49 [main] Log - Click element: By.xpath: //input[@id='password']
[INFO] 11-05-2023 20:42:49 [main] Log - Clear text on: By.xpath: //input[@id='password']
[INFO] 11-05-2023 20:42:49 [main] Log - Set text {1} on {0}
[INFO] 11-05-2023 20:42:51 [main] Log - Click element: By.xpath: //button[normalize-space() = 'Login']
[INFO] 11-05-2023 20:42:51 [main] Log - Delete customer
[INFO] 11-05-2023 20:42:52 [main] Log - Click element: By.xpath: //span[normalize-space()='Customers']
[INFO] 11-05-2023 20:42:52 [main] Log - Wait until the element By.xpath: //span[normalize-space()='Customers Summary'] is visible
[INFO] 11-05-2023 20:42:52 [main] Log - Delete customer
[INFO] 11-05-2023 20:42:55 [main] Log - Click element: By.xpath: //input[@class='form-control input-sm']
[INFO] 11-05-2023 20:42:55 [main] Log - Clear text on: By.xpath: //input[@class='form-control input-sm']
[INFO] 11-05-2023 20:42:55 [main] Log - Set text {1} on {0}
[INFO] 11-05-2023 20:42:55 [main] Log - Delete customer
[INFO] 11-05-2023 20:42:56 [main] Log - Wait until the element By.xpath: //tr[@class='has-row-options odd']//a[contains(text(),'MoMo OrcjLbw')] is visible
[INFO] 11-05-2023 20:42:57 [main] Log - Click element: By.xpath: //tr[@class='has-row-options odd']//a[@class='text-danger _delete'][normalize-space()='Delete']
[INFO] 11-05-2023 20:42:57 [main] Log - Delete customer
[INFO] 11-05-2023 20:42:59 [main] Log - Delete customer
[INFO] 11-05-2023 20:43:01 [main] Log - Verify By.xpath: //span[normalize-space()='Customer deleted'] is displayed
[INFO] 18-05-2023 21:30:03 [main] Log - Add a new customer success
[INFO] 18-05-2023 21:30:07 [main] Log - Driver in TestContext: ChromeDriver: chrome on windows (004f4701b16ae310c5ed960e55a80669)
[INFO] 18-05-2023 21:30:16 [main] Log - Add a new customer success
[INFO] 18-05-2023 21:30:18 [main] Log - Add a new customer success
[INFO] 18-05-2023 21:30:24 [main] Log - Add a new customer success
[INFO] 18-05-2023 21:30:26 [main] Log - Add a new customer success
[INFO] 18-05-2023 21:30:28 [main] Log - Delete customer
[INFO] 18-05-2023 21:30:30 [main] Log - Driver in TestContext: ChromeDriver: chrome on windows (555c944b82bb73a6b4dd57b10dc0a314)
[INFO] 19-06-2023 20:38:04 [main] Log - Add a new customer success
[INFO] 19-06-2023 20:38:10 [main] Log - Driver in TestContext: ChromeDriver: chrome on windows (69d0b1113205693e83acc79f99472409)
[INFO] 19-06-2023 20:38:18 [main] Log - Add a new customer success
[INFO] 19-06-2023 20:38:20 [main] Log - Add a new customer success
[INFO] 19-06-2023 20:38:25 [main] Log - Add a new customer success
[INFO] 19-06-2023 20:38:27 [main] Log - Add a new customer success
[INFO] 19-06-2023 20:38:27 [main] Log - Delete customer
[INFO] 19-06-2023 20:38:29 [main] Log - Driver in TestContext: ChromeDriver: chrome on windows (ab17568fd35ed9eaef9feb44855c5017)
[INFO] 19-06-2023 20:38:36 [main] Log - Delete customer
[INFO] 19-06-2023 20:38:38 [main] Log - Delete customer
[INFO] 19-06-2023 20:38:40 [main] Log - Delete customer
[INFO] 19-06-2023 20:38:42 [main] Log - Delete customer
[INFO] 19-06-2023 20:38:44 [main] Log - Delete customer
[INFO] 19-06-2023 21:25:34 [main] Log - Login success
[INFO] 19-06-2023 21:25:34 [main] Log - Login fails with email incorrect format
[INFO] 19-06-2023 21:25:34 [main] Log - Login fails with email incorrect format 2
[INFO] 19-06-2023 21:25:34 [main] Log - Login fails with an incorrect password
[INFO] 19-06-2023 21:27:29 [main] Log - Login success
[INFO] 19-06-2023 21:27:29 [main] Log - Login fails with email incorrect format
[INFO] 19-06-2023 21:27:29 [main] Log - Login fails with email incorrect format 2
[INFO] 19-06-2023 21:27:29 [main] Log - Login fails with an incorrect password
[INFO] 19-06-2023 21:30:44 [main] Log - Login success
[INFO] 19-06-2023 21:30:44 [main] Log - Login fails with email incorrect format
[INFO] 19-06-2023 21:30:44 [main] Log - Login fails with email incorrect format 2
[INFO] 19-06-2023 21:30:44 [main] Log - Login fails with an incorrect password
[INFO] 19-06-2023 21:31:25 [main] Log - Login success
[INFO] 19-06-2023 21:31:28 [main] Log - Login success
[INFO] 19-06-2023 21:31:33 [main] Log - Login fails with email incorrect format
[INFO] 19-06-2023 21:31:34 [main] Log - Login fails with email incorrect format
[INFO] 19-06-2023 21:31:36 [main] Log - Login fails with email incorrect format 2
[INFO] 19-06-2023 21:31:37 [main] Log - Login fails with email incorrect format 2
[INFO] 19-06-2023 21:31:38 [main] Log - Login fails with an incorrect password
[INFO] 19-06-2023 21:32:30 [main] Log - Login success
[INFO] 19-06-2023 21:32:31 [main] Log - Login success
[INFO] 19-06-2023 21:32:35 [main] Log - Login success
[INFO] 19-06-2023 21:32:37 [main] Log - Login success
[INFO] 19-06-2023 21:32:58 [main] Log - Login fails with email incorrect format
[INFO] 19-06-2023 21:33:00 [main] Log - Login fails with email incorrect format
[INFO] 19-06-2023 21:33:05 [main] Log - Login fails with email incorrect format
[INFO] 19-06-2023 21:33:06 [main] Log - Login fails with email incorrect format
[INFO] 19-06-2023 21:33:27 [main] Log - Login fails with email incorrect format 2
[INFO] 19-06-2023 21:33:28 [main] Log - Login fails with email incorrect format 2
[INFO] 19-06-2023 21:33:33 [main] Log - Login fails with email incorrect format 2
[INFO] 19-06-2023 21:33:34 [main] Log - Login fails with email incorrect format 2
[INFO] 19-06-2023 21:33:35 [main] Log - Login fails with an incorrect password
[INFO] 19-06-2023 21:33:36 [main] Log - Login fails with an incorrect password
[INFO] 19-06-2023 21:33:40 [main] Log - Login fails with an incorrect password
[INFO] 19-06-2023 21:33:42 [main] Log - Login fails with an incorrect password
[INFO] 19-06-2023 21:41:09 [main] Log - Login success
[INFO] 19-06-2023 21:41:10 [main] Log - Login success
[INFO] 19-06-2023 21:41:14 [main] Log - Login success
[INFO] 19-06-2023 21:41:16 [main] Log - Login success
[INFO] 19-06-2023 21:46:34 [main] Log - Login success
[INFO] 19-06-2023 21:46:34 [main] Log - Login success
[INFO] 19-06-2023 21:46:39 [main] Log - Login success
[INFO] 19-06-2023 21:46:41 [main] Log - Login success
[INFO] 19-06-2023 21:46:42 [main] Log - Login fails with email incorrect format
[INFO] 19-06-2023 21:46:43 [main] Log - Login fails with email incorrect format
[INFO] 19-06-2023 21:46:47 [main] Log - Login fails with email incorrect format
[INFO] 19-06-2023 21:46:48 [main] Log - Login fails with email incorrect format
[INFO] 19-06-2023 21:46:50 [main] Log - Login fails with email incorrect format 2
[INFO] 19-06-2023 21:46:50 [main] Log - Login fails with email incorrect format 2
[INFO] 19-06-2023 21:46:54 [main] Log - Login fails with email incorrect format 2
[INFO] 19-06-2023 21:46:55 [main] Log - Login fails with email incorrect format 2
[INFO] 19-06-2023 21:46:57 [main] Log - Login fails with an incorrect password
[INFO] 19-06-2023 21:46:57 [main] Log - Login fails with an incorrect password
[INFO] 19-06-2023 21:47:01 [main] Log - Login fails with an incorrect password
[INFO] 19-06-2023 21:47:03 [main] Log - Login fails with an incorrect password
[INFO] 19-06-2023 21:50:02 [main] Log - Login success
[INFO] 19-06-2023 21:50:03 [main] Log - Login success
[INFO] 19-06-2023 21:50:07 [main] Log - Login success
[INFO] 19-06-2023 21:50:09 [main] Log - Login success
[INFO] 19-06-2023 21:50:11 [main] Log - Invalid Login
[INFO] 19-06-2023 22:00:54 [main] Log - Login success
[INFO] 19-06-2023 22:00:54 [main] Log - Login success
[INFO] 19-06-2023 22:00:59 [main] Log - Login success
[INFO] 19-06-2023 22:01:01 [main] Log - Login success
[INFO] 19-06-2023 22:01:03 [main] Log - Invalid Login
[INFO] 19-06-2023 22:01:03 [main] Log - Invalid Login
[INFO] 19-06-2023 22:01:08 [main] Log - Invalid Login
[INFO] 19-06-2023 22:01:08 [main] Log - Invalid Login
[INFO] 19-06-2023 22:13:07 [main] Log - Login success
[INFO] 19-06-2023 22:13:08 [main] Log - Login success
[INFO] 19-06-2023 22:13:12 [main] Log - Login success
[INFO] 19-06-2023 22:13:14 [main] Log - Login success
[INFO] 19-06-2023 22:13:16 [main] Log - Invalid Login
[INFO] 19-06-2023 22:13:16 [main] Log - Invalid Login
[INFO] 19-06-2023 22:13:21 [main] Log - Invalid Login
[INFO] 19-06-2023 22:13:21 [main] Log - Invalid Login
[INFO] 19-06-2023 22:13:35 [main] Log - Invalid Login
[INFO] 19-06-2023 22:14:00 [main] Log - Login success
[INFO] 19-06-2023 22:14:00 [main] Log - Login success
[INFO] 19-06-2023 22:14:05 [main] Log - Login success
[INFO] 19-06-2023 22:14:07 [main] Log - Login success
[INFO] 19-06-2023 22:14:08 [main] Log - Invalid Login
[INFO] 19-06-2023 22:14:09 [main] Log - Invalid Login
[INFO] 19-06-2023 22:14:14 [main] Log - Invalid Login
[INFO] 19-06-2023 22:14:15 [main] Log - Invalid Login
[INFO] 19-06-2023 22:14:15 [main] Log - Invalid Login
[INFO] 19-06-2023 22:17:07 [main] Log - Add new Category
[INFO] 19-06-2023 22:17:15 [main] Log - Add new Category
[INFO] 22-06-2023 20:22:37 [main] Log - Add a new customer success
[INFO] 22-06-2023 20:22:39 [main] Log - Driver in TestContext: ChromeDriver: chrome on windows (f01b798518509c3357952ce9902cabac)
[INFO] 22-06-2023 20:22:48 [main] Log - Add a new customer success
[INFO] 22-06-2023 20:22:51 [main] Log - Add a new customer success
[INFO] 22-06-2023 20:22:57 [main] Log - Add a new customer success
[INFO] 22-06-2023 20:22:59 [main] Log - Add a new customer success
[INFO] 22-06-2023 20:23:02 [main] Log - Delete customer
[INFO] 22-06-2023 20:23:03 [main] Log - Driver in TestContext: ChromeDriver: chrome on windows (b486aeb1a1a6cf8e434e3a6bb3b41dae)
[INFO] 22-06-2023 20:23:12 [main] Log - Delete customer
[INFO] 22-06-2023 20:23:15 [main] Log - Delete customer
[INFO] 22-06-2023 20:23:18 [main] Log - Delete customer
[INFO] 22-06-2023 20:23:21 [main] Log - Delete customer
[INFO] 22-06-2023 20:23:23 [main] Log - Delete customer
[INFO] 22-06-2023 20:26:37 [main] Log - Add a new customer success
[INFO] 22-06-2023 20:26:41 [main] Log - Driver in TestContext: ChromeDriver: chrome on windows (a7736e8060692d88609544060f09d0f3)
[INFO] 22-06-2023 20:26:51 [main] Log - Add a new customer success
[INFO] 22-06-2023 20:26:53 [main] Log - Add a new customer success
[INFO] 22-06-2023 20:26:59 [main] Log - Add a new customer success
[INFO] 22-06-2023 20:27:01 [main] Log - Add a new customer success
[INFO] 22-06-2023 20:27:03 [main] Log - Delete customer
[INFO] 22-06-2023 20:27:04 [main] Log - Driver in TestContext: ChromeDriver: chrome on windows (64db1f245cb01216d7aead419196e791)
[INFO] 22-06-2023 20:27:13 [main] Log - Delete customer
[INFO] 22-06-2023 20:27:16 [main] Log - Delete customer
[INFO] 22-06-2023 20:27:19 [main] Log - Delete customer
[INFO] 22-06-2023 20:27:21 [main] Log - Delete customer
[INFO] 22-06-2023 20:27:23 [main] Log - Delete customer
[INFO] 22-06-2023 20:28:14 [main] Log - Add a new customer success
[INFO] 22-06-2023 20:28:17 [main] Log - Driver in TestContext: ChromeDriver: chrome on windows (8ec5f76e306e69d799919404501d80c8)
[INFO] 22-06-2023 20:28:26 [main] Log - Add a new customer success
[INFO] 22-06-2023 20:28:28 [main] Log - Add a new customer success
[INFO] 22-06-2023 20:28:35 [main] Log - Add a new customer success
[INFO] 22-06-2023 20:28:37 [main] Log - Add a new customer success
[INFO] 22-06-2023 20:28:38 [main] Log - Delete customer
[INFO] 22-06-2023 20:28:39 [main] Log - Driver in TestContext: ChromeDriver: chrome on windows (39da8ec866c503f1f95852bf866d26d1)
[INFO] 22-06-2023 20:28:48 [main] Log - Delete customer
[INFO] 22-06-2023 20:28:50 [main] Log - Delete customer
[INFO] 22-06-2023 20:28:53 [main] Log - Delete customer
[INFO] 22-06-2023 20:28:55 [main] Log - Delete customer
[INFO] 22-06-2023 20:28:58 [main] Log - Delete customer
[INFO] 22-06-2023 20:34:15 [main] Log - Add a new customer success
[INFO] 22-06-2023 20:34:15 [main] Log - Driver in TestContext: ChromeDriver: chrome on windows (682e48656ef861d6f3b79cee617f26bd)
[INFO] 22-06-2023 20:34:25 [main] Log - Add a new customer success
[INFO] 22-06-2023 20:34:27 [main] Log - Add a new customer success
[INFO] 22-06-2023 20:34:33 [main] Log - Add a new customer success
[INFO] 22-06-2023 20:34:36 [main] Log - Add a new customer success
[INFO] 22-06-2023 20:34:39 [main] Log - Delete customer
[INFO] 22-06-2023 20:34:39 [main] Log - Driver in TestContext: ChromeDriver: chrome on windows (64b5c209ff0599c8850db58f0af1bd71)
[INFO] 22-06-2023 20:34:48 [main] Log - Delete customer
[INFO] 22-06-2023 20:34:50 [main] Log - Delete customer
[INFO] 22-06-2023 20:34:52 [main] Log - Delete customer
[INFO] 22-06-2023 20:34:55 [main] Log - Delete customer
[INFO] 22-06-2023 20:34:57 [main] Log - Delete customer
[INFO] 22-06-2023 21:58:17 [main] Log - Validation add customers
[INFO] 22-06-2023 21:58:22 [main] Log - Driver in TestContext: ChromeDriver: chrome on windows (9a4e40d83fcb898118bc692d343ecf97)
[INFO] 22-06-2023 21:58:31 [main] Log - Validation add customers
[INFO] 22-06-2023 21:58:34 [main] Log - Validation add customers
[INFO] 22-06-2023 22:00:19 [main] Log - Validation add customers
[INFO] 22-06-2023 22:00:22 [main] Log - Driver in TestContext: ChromeDriver: chrome on windows (d0a590b9078d3491e5a74c4be5aa224f)
[INFO] 22-06-2023 22:00:31 [main] Log - Validation add customers
[INFO] 22-06-2023 22:00:33 [main] Log - Validation add customers
[INFO] 22-06-2023 22:02:40 [main] Log - Validation add customers
[INFO] 22-06-2023 22:02:43 [main] Log - Driver in TestContext: ChromeDriver: chrome on windows (96c0b2a2c3848d6c92d4f6edb67c066f)
[INFO] 22-06-2023 22:02:52 [main] Log - Validation add customers
[INFO] 22-06-2023 22:02:54 [main] Log - Validation add customers
[INFO] 22-06-2023 22:04:19 [main] Log - Validation add customers
[INFO] 22-06-2023 22:04:22 [main] Log - Driver in TestContext: ChromeDriver: chrome on windows (904bc1152b9482fa1db57574d323a64b)
[INFO] 22-06-2023 22:04:31 [main] Log - Validation add customers
[INFO] 22-06-2023 22:04:33 [main] Log - Validation add customers
[INFO] 22-06-2023 22:06:09 [main] Log - Validation add customers
[INFO] 22-06-2023 22:06:12 [main] Log - Driver in TestContext: ChromeDriver: chrome on windows (3462235351130be9e831c00708f7f039)
[INFO] 22-06-2023 22:06:20 [main] Log - Validation add customers
[INFO] 22-06-2023 22:06:22 [main] Log - Validation add customers
[INFO] 22-06-2023 22:09:24 [main] Log - Validation add customers
[INFO] 22-06-2023 22:09:28 [main] Log - Driver in TestContext: ChromeDriver: chrome on windows (1f5f49745dc3c2dfdb39cf8cad793a64)
[INFO] 22-06-2023 22:09:37 [main] Log - Validation add customers
[INFO] 22-06-2023 22:09:40 [main] Log - Validation add customers
[INFO] 22-06-2023 22:11:12 [main] Log - Validation add customers
[INFO] 22-06-2023 22:11:15 [main] Log - Driver in TestContext: ChromeDriver: chrome on windows (d08cad6e9d51738188d83ce1476f15dc)
[INFO] 22-06-2023 22:11:25 [main] Log - Validation add customers
[INFO] 22-06-2023 22:11:27 [main] Log - Validation add customers
[INFO] 22-06-2023 22:13:27 [main] Log - Validation add customers
[INFO] 22-06-2023 22:13:30 [main] Log - Driver in TestContext: ChromeDriver: chrome on windows (b590b94f84febeaa0253f80612b23346)
[INFO] 22-06-2023 22:13:39 [main] Log - Validation add customers
[INFO] 22-06-2023 22:13:41 [main] Log - Validation add customers
[INFO] 22-06-2023 22:14:55 [main] Log - Validation add customers
[INFO] 22-06-2023 22:14:58 [main] Log - Driver in TestContext: ChromeDriver: chrome on windows (7439bcf74b6b5a694f301efc811f8d1a)
[INFO] 22-06-2023 22:15:07 [main] Log - Validation add customers
[INFO] 22-06-2023 22:15:09 [main] Log - Validation add customers
[INFO] 22-06-2023 22:25:03 [main] Log - Validation add customers
[INFO] 22-06-2023 22:25:06 [main] Log - Driver in TestContext: ChromeDriver: chrome on windows (515c965debf2a20bff22c3d4a690a3ea)
[INFO] 22-06-2023 22:25:16 [main] Log - Validation add customers
[INFO] 22-06-2023 22:25:18 [main] Log - Validation add customers
[INFO] 27-06-2023 21:16:56 [main] Log - Validation add customers
[INFO] 27-06-2023 21:17:00 [main] Log - Driver in TestContext: ChromeDriver: chrome on windows (3aeb7e3ea56658cb9054f30cddf228e9)
[INFO] 27-06-2023 21:17:09 [main] Log - Validation add customers
[INFO] 27-06-2023 21:17:10 [main] Log - Validation add customers
[INFO] 27-06-2023 21:19:51 [main] Log - Validation add customers
[INFO] 27-06-2023 21:19:53 [main] Log - Driver in TestContext: ChromeDriver: chrome on windows (9bd8d7cba46f0be4b3e39c7d02169bb5)
[INFO] 27-06-2023 21:20:00 [main] Log - Validation add customers
[INFO] 27-06-2023 21:20:01 [main] Log - Validation add customers
[INFO] 27-06-2023 21:23:26 [main] Log - Validation add customers
[INFO] 27-06-2023 21:23:27 [main] Log - Driver in TestContext: ChromeDriver: chrome on windows (b47a7153d1ba643ec2546f8a4c98a4be)
[INFO] 27-06-2023 21:23:34 [main] Log - Validation add customers
[INFO] 27-06-2023 21:23:36 [main] Log - Validation add customers
[INFO] 27-06-2023 21:24:03 [main] Log - Validation add customers
[INFO] 27-06-2023 21:24:05 [main] Log - Driver in TestContext: ChromeDriver: chrome on windows (8f47769198bca08ff113911b64b6e693)
[INFO] 27-06-2023 21:24:12 [main] Log - Validation add customers
[INFO] 27-06-2023 21:24:13 [main] Log - Validation add customers
[INFO] 27-06-2023 21:25:37 [main] Log - Validation add customers
[INFO] 27-06-2023 21:25:39 [main] Log - Driver in TestContext: ChromeDriver: chrome on windows (83b8775668d3fa62b82fab078245aa06)
[INFO] 27-06-2023 21:25:46 [main] Log - Validation add customers
[INFO] 27-06-2023 21:25:48 [main] Log - Validation add customers
[INFO] 27-06-2023 21:26:44 [main] Log - Validation add customers
[INFO] 27-06-2023 21:26:46 [main] Log - Driver in TestContext: ChromeDriver: chrome on windows (b607f671a31408b3e62b99d8480644b4)
[INFO] 27-06-2023 21:26:53 [main] Log - Validation add customers
[INFO] 27-06-2023 21:26:54 [main] Log - Validation add customers
[INFO] 27-06-2023 21:27:30 [main] Log - Validation add customers
[INFO] 27-06-2023 21:27:32 [main] Log - Driver in TestContext: ChromeDriver: chrome on windows (cd81f0c7f65d0ce94f68b59fd814f6fe)
[INFO] 27-06-2023 21:27:39 [main] Log - Validation add customers
[INFO] 27-06-2023 21:27:41 [main] Log - Validation add customers
[INFO] 27-06-2023 21:30:08 [main] Log - Validation add customers
[INFO] 27-06-2023 21:30:10 [main] Log - Driver in TestContext: ChromeDriver: chrome on windows (f3ce9c41b31fce756f77df9d3aa2efc9)
[INFO] 27-06-2023 21:30:17 [main] Log - Validation add customers
[INFO] 27-06-2023 21:30:19 [main] Log - Validation add customers
[INFO] 27-06-2023 21:31:38 [main] Log - Validation add customers
[INFO] 27-06-2023 21:31:40 [main] Log - Driver in TestContext: ChromeDriver: chrome on windows (fc3796873dd050431f484da3a04dafe6)
[INFO] 27-06-2023 21:31:47 [main] Log - Validation add customers
[INFO] 27-06-2023 21:31:48 [main] Log - Validation add customers
[INFO] 27-06-2023 21:34:04 [main] Log - Validation add customers
[INFO] 27-06-2023 21:34:06 [main] Log - Driver in TestContext: ChromeDriver: chrome on windows (8929bcc9771739369ab0711639fb05c3)
[INFO] 27-06-2023 21:34:13 [main] Log - Validation add customers
[INFO] 27-06-2023 21:34:14 [main] Log - Validation add customers
[INFO] 27-06-2023 21:35:34 [main] Log - Validation add customers
[INFO] 27-06-2023 21:35:36 [main] Log - Driver in TestContext: ChromeDriver: chrome on windows (2503aa4968af578a6780f55e0fc9291f)
[INFO] 27-06-2023 21:35:43 [main] Log - Validation add customers
[INFO] 27-06-2023 21:35:45 [main] Log - Validation add customers
[INFO] 27-06-2023 21:37:10 [main] Log - Validation add customers
[INFO] 27-06-2023 21:37:11 [main] Log - Driver in TestContext: ChromeDriver: chrome on windows (0bce1f0f7d8d938e795a879f72dd58f0)
[INFO] 27-06-2023 21:37:18 [main] Log - Validation add customers
[INFO] 27-06-2023 21:37:20 [main] Log - Validation add customers
[INFO] 27-06-2023 21:38:58 [main] Log - Validation add customers
[INFO] 27-06-2023 21:39:00 [main] Log - Driver in TestContext: ChromeDriver: chrome on windows (d7e1f8c33745f95c4a659e6450a2b3bd)
[INFO] 27-06-2023 21:39:07 [main] Log - Validation add customers
[INFO] 27-06-2023 21:39:08 [main] Log - Validation add customers
[INFO] 27-06-2023 21:41:02 [main] Log - Validation add customers
[INFO] 27-06-2023 21:41:04 [main] Log - Driver in TestContext: ChromeDriver: chrome on windows (c8167582bc559756f4fe964f68cc2cd7)
[INFO] 27-06-2023 21:41:11 [main] Log - Validation add customers
[INFO] 27-06-2023 21:41:12 [main] Log - Validation add customers
[INFO] 27-06-2023 21:42:28 [main] Log - Validation add customers
[INFO] 27-06-2023 21:42:29 [main] Log - Driver in TestContext: ChromeDriver: chrome on windows (0a6e4011467c8676e6175c48971ccb6e)
[INFO] 27-06-2023 21:42:36 [main] Log - Validation add customers
[INFO] 27-06-2023 21:42:38 [main] Log - Validation add customers
[INFO] 27-06-2023 21:44:31 [main] Log - Validation add customers
[INFO] 27-06-2023 21:44:33 [main] Log - Driver in TestContext: ChromeDriver: chrome on windows (4bab5e0dbf90340ce10c8eddb80df358)
[INFO] 27-06-2023 21:44:40 [main] Log - Validation add customers
[INFO] 27-06-2023 21:44:41 [main] Log - Validation add customers
[INFO] 27-06-2023 21:45:40 [main] Log - Validation add customers
[INFO] 27-06-2023 21:45:42 [main] Log - Driver in TestContext: ChromeDriver: chrome on windows (1f03f8f54550b58cc190d3a51ba5fb00)
[INFO] 27-06-2023 21:45:49 [main] Log - Validation add customers
[INFO] 27-06-2023 21:45:50 [main] Log - Validation add customers
[INFO] 27-06-2023 21:47:02 [main] Log - Validation add customers
[INFO] 27-06-2023 21:47:04 [main] Log - Driver in TestContext: ChromeDriver: chrome on windows (b40bbda7759624df44bc640607ec1ed3)
[INFO] 27-06-2023 21:47:11 [main] Log - Validation add customers
[INFO] 27-06-2023 21:47:12 [main] Log - Validation add customers
[INFO] 27-06-2023 21:47:39 [main] Log - Validation add customers
[INFO] 27-06-2023 21:47:41 [main] Log - Driver in TestContext: ChromeDriver: chrome on windows (00614f48ad08142c279f47bc6e66f731)
[INFO] 27-06-2023 21:47:48 [main] Log - Validation add customers
[INFO] 27-06-2023 21:47:49 [main] Log - Validation add customers
[INFO] 27-06-2023 21:50:45 [main] Log - Validation add customers
[INFO] 27-06-2023 21:50:47 [main] Log - Driver in TestContext: ChromeDriver: chrome on windows (aa6101f72b76302836dcd466129bc0f0)
[INFO] 27-06-2023 21:50:54 [main] Log - Validation add customers
[INFO] 27-06-2023 21:50:55 [main] Log - Validation add customers
[INFO] 27-06-2023 21:51:58 [main] Log - Validation add customers
[INFO] 27-06-2023 21:52:00 [main] Log - Driver in TestContext: ChromeDriver: chrome on windows (44a05d4348044a9541be648c74b0ffb1)
[INFO] 27-06-2023 21:52:06 [main] Log - Validation add customers
[INFO] 27-06-2023 21:52:08 [main] Log - Validation add customers
[INFO] 27-06-2023 21:53:14 [main] Log - Validation add customers
[INFO] 27-06-2023 21:53:16 [main] Log - Driver in TestContext: ChromeDriver: chrome on windows (114eee9d2b1c3474ca07727b804456b7)
[INFO] 27-06-2023 21:56:28 [main] Log - Validation add customers
[INFO] 27-06-2023 21:56:29 [main] Log - Driver in TestContext: ChromeDriver: chrome on windows (3a0fa0ea4a9d6b3682ff787232bce3be)
[INFO] 27-06-2023 21:56:36 [main] Log - Validation add customers
[INFO] 27-06-2023 21:56:38 [main] Log - Validation add customers
[INFO] 27-06-2023 22:01:14 [main] Log - Validation add customers
[INFO] 27-06-2023 22:01:16 [main] Log - Driver in TestContext: ChromeDriver: chrome on windows (85ee8832c0dc02c45104005a55a63d87)
[INFO] 27-06-2023 22:01:23 [main] Log - Validation add customers
[INFO] 27-06-2023 22:02:51 [main] Log - Validation add customers
[INFO] 27-06-2023 22:02:53 [main] Log - Driver in TestContext: ChromeDriver: chrome on windows (a0719bd434a4463f445d56fc4195da7c)
[INFO] 27-06-2023 22:03:00 [main] Log - Validation add customers
[INFO] 27-06-2023 22:03:03 [main] Log - Validation add customers
[INFO] 27-06-2023 22:04:49 [main] Log - Validation add customers
[INFO] 27-06-2023 22:04:50 [main] Log - Driver in TestContext: ChromeDriver: chrome on windows (1119ccb145905af8cb4a97108b01fa7b)
[INFO] 27-06-2023 22:04:57 [main] Log - Validation add customers
[INFO] 27-06-2023 22:05:02 [main] Log - Validation add customers
[INFO] 27-06-2023 22:15:15 [main] Log - Validation add customers
[INFO] 27-06-2023 22:15:17 [main] Log - Driver in TestContext: ChromeDriver: chrome on windows (73a1fa64dc6524d781b99390a8b6b15f)
[INFO] 27-06-2023 22:15:24 [main] Log - Validation add customers
[INFO] 27-06-2023 22:15:27 [main] Log - Validation add customers
[INFO] 27-06-2023 22:21:09 [main] Log - Validation add customers
[INFO] 27-06-2023 22:21:11 [main] Log - Driver in TestContext: ChromeDriver: chrome on windows (5769ba246c012e6e1b813b5709716ddf)
[INFO] 27-06-2023 22:21:18 [main] Log - Validation add customers
[INFO] 27-06-2023 22:21:21 [main] Log - Validation add customers
[INFO] 27-06-2023 22:22:30 [main] Log - Validation add customers
[INFO] 27-06-2023 22:25:53 [main] Log - Validation add customers
[INFO] 27-06-2023 22:25:55 [main] Log - Driver in TestContext: ChromeDriver: chrome on windows (70392b6b9824bed58bf40d072c5a225f)
[INFO] 27-06-2023 22:26:02 [main] Log - Validation add customers
[INFO] 27-06-2023 22:26:05 [main] Log - Validation add customers
[INFO] 27-06-2023 22:28:37 [main] Log - Validation add customers
[INFO] 27-06-2023 22:28:39 [main] Log - Driver in TestContext: ChromeDriver: chrome on windows (146f9eb374908f512f6fe97e81033fa8)
[INFO] 27-06-2023 22:28:46 [main] Log - Validation add customers
[INFO] 27-06-2023 22:28:49 [main] Log - Validation add customers
[INFO] 29-06-2023 20:43:00 [main] Log - Validation add customers
[INFO] 29-06-2023 20:43:03 [main] Log - Driver in TestContext: ChromeDriver: chrome on windows (77344cfbbe7de5e5b4b1a75b25eff2a1)
[INFO] 29-06-2023 20:43:12 [main] Log - Validation add customers
[INFO] 29-06-2023 20:43:14 [main] Log - Validation add customers
[INFO] 29-06-2023 20:47:43 [main] Log - Validation add customers
[INFO] 29-06-2023 20:47:45 [main] Log - Driver in TestContext: ChromeDriver: chrome on windows (f8b7a23dd8f75349b6857e86dee6b594)
[INFO] 29-06-2023 20:47:53 [main] Log - Validation add customers
[INFO] 29-06-2023 20:47:56 [main] Log - Validation add customers
[INFO] 29-06-2023 20:48:29 [main] Log - Validation add customers
[INFO] 29-06-2023 21:53:16 [main] Log - Validation add customers
[INFO] 29-06-2023 21:53:20 [main] Log - Driver in TestContext: ChromeDriver: chrome on windows (207fe87ccbb0f570fcd316b6727be02d)
[INFO] 29-06-2023 21:53:27 [main] Log - Validation add customers
[INFO] 29-06-2023 21:53:30 [main] Log - Validation add customers
[INFO] 29-06-2023 21:54:00 [main] Log - Validation add customers
[INFO] 29-06-2023 21:54:02 [main] Log - Driver in TestContext: ChromeDriver: chrome on windows (0557cd10bebca808bb1214b5146e6b21)
[INFO] 29-06-2023 21:54:09 [main] Log - Validation add customers
[INFO] 29-06-2023 21:54:11 [main] Log - Validation add customers
[INFO] 29-06-2023 22:11:03 [main] Log - Edit customers successfully on the CRM page
[INFO] 29-06-2023 22:11:05 [main] Log - Driver in TestContext: ChromeDriver: chrome on windows (df9065083678cd2f207e2b17abbda8ac)
[INFO] 29-06-2023 22:11:12 [main] Log - Edit customers successfully on the CRM page
[INFO] 29-06-2023 22:11:15 [main] Log - Edit customers successfully on the CRM page
[INFO] 29-06-2023 22:12:42 [main] Log - Edit customers successfully on the CRM page
[INFO] 29-06-2023 22:12:44 [main] Log - Driver in TestContext: ChromeDriver: chrome on windows (906fed9968e1af1d33c6e10efce284cc)
[INFO] 29-06-2023 22:12:51 [main] Log - Edit customers successfully on the CRM page
[INFO] 29-06-2023 22:12:53 [main] Log - Edit customers successfully on the CRM page
[INFO] 29-06-2023 22:14:22 [main] Log - Edit customers successfully on the CRM page
[INFO] 29-06-2023 22:14:24 [main] Log - Driver in TestContext: ChromeDriver: chrome on windows (11b0e77b5b799f1a850d7af9d3dbd3fd)
[INFO] 29-06-2023 22:16:06 [main] Log - Edit customers successfully on the CRM page
[INFO] 29-06-2023 22:16:08 [main] Log - Driver in TestContext: ChromeDriver: chrome on windows (2847bf39f60d421ec661c2cda52b9bc4)
[INFO] 29-06-2023 22:16:15 [main] Log - Edit customers successfully on the CRM page
[INFO] 29-06-2023 22:16:16 [main] Log - Edit customers successfully on the CRM page
[INFO] 29-06-2023 22:17:50 [main] Log - Edit customers successfully on the CRM page
[INFO] 29-06-2023 22:17:52 [main] Log - Driver in TestContext: ChromeDriver: chrome on windows (7420ff0ae5a436aedf61ed998b54f5e8)
[INFO] 29-06-2023 22:17:59 [main] Log - Edit customers successfully on the CRM page
[INFO] 29-06-2023 22:18:00 [main] Log - Edit customers successfully on the CRM page
[INFO] 29-06-2023 22:18:58 [main] Log - Edit customers successfully on the CRM page
[INFO] 29-06-2023 22:19:00 [main] Log - Driver in TestContext: ChromeDriver: chrome on windows (05b65e6a81f23578c0afa57f12630055)
[INFO] 29-06-2023 22:20:32 [main] Log - Edit customers successfully on the CRM page
[INFO] 29-06-2023 22:20:33 [main] Log - Driver in TestContext: ChromeDriver: chrome on windows (8dfe13548d724384192b0c4fbac89da5)
[INFO] 29-06-2023 22:20:40 [main] Log - Edit customers successfully on the CRM page
[INFO] 29-06-2023 22:20:42 [main] Log - Edit customers successfully on the CRM page
[INFO] 29-06-2023 22:23:47 [main] Log - Edit customers successfully on the CRM page
[INFO] 29-06-2023 22:23:49 [main] Log - Driver in TestContext: ChromeDriver: chrome on windows (859893a18a782e8f07ceb94294e96903)
[INFO] 29-06-2023 22:23:56 [main] Log - Edit customers successfully on the CRM page
[INFO] 29-06-2023 22:23:56 [main] Log - Edit customers successfully on the CRM page
[INFO] 29-06-2023 22:24:18 [main] Log - Edit customers successfully on the CRM page
[INFO] 29-06-2023 22:25:19 [main] Log - Edit customers successfully on the CRM page
[INFO] 29-06-2023 22:25:21 [main] Log - Driver in TestContext: ChromeDriver: chrome on windows (4b7454a9b335992959e8f2d39ebd75c0)
[INFO] 29-06-2023 22:25:28 [main] Log - Edit customers successfully on the CRM page
[INFO] 29-06-2023 22:25:28 [main] Log - Edit customers successfully on the CRM page
[INFO] 29-06-2023 22:25:49 [main] Log - Edit customers successfully on the CRM page
[INFO] 29-06-2023 22:27:38 [main] Log - Edit customers successfully on the CRM page
[INFO] 29-06-2023 22:27:39 [main] Log - Driver in TestContext: ChromeDriver: chrome on windows (a2048c901539082cac00f5167875a337)
[INFO] 29-06-2023 22:27:46 [main] Log - Edit customers successfully on the CRM page
[INFO] 29-06-2023 22:27:46 [main] Log - Edit customers successfully on the CRM page
[INFO] 29-06-2023 22:28:08 [main] Log - Edit customers successfully on the CRM page
[INFO] 03-07-2023 12:12:47 [main] Log - Edit customers successfully on the CRM page
[INFO] 03-07-2023 12:12:51 [main] Log - Driver in TestContext: ChromeDriver: chrome on windows (254de7d75bbdaea00d26b236987f27d2)
[INFO] 03-07-2023 12:12:59 [main] Log - Edit customers successfully on the CRM page
[INFO] 03-07-2023 12:12:59 [main] Log - Edit customers successfully on the CRM page
[INFO] 03-07-2023 14:53:17 [main] Log - Edit customers successfully on the CRM page
[INFO] 03-07-2023 14:53:20 [main] Log - Driver in TestContext: ChromeDriver: chrome on windows (dba64a2637e6e21ebcab54e039cabe3e)
[INFO] 03-07-2023 14:53:27 [main] Log - Edit customers successfully on the CRM page
[INFO] 03-07-2023 14:53:27 [main] Log - Edit customers successfully on the CRM page
[INFO] 03-07-2023 14:53:49 [main] Log - Edit customers successfully on the CRM page
[INFO] 03-07-2023 15:26:39 [main] Log - Edit customers successfully on the CRM page
[INFO] 03-07-2023 15:26:42 [main] Log - Driver in TestContext: ChromeDriver: chrome on windows (8344a861961dbf0040ffb76d8bd70795)
[INFO] 03-07-2023 15:26:49 [main] Log - Edit customers successfully on the CRM page
[INFO] 03-07-2023 15:26:49 [main] Log - Edit customers successfully on the CRM page
[INFO] 03-07-2023 15:27:11 [main] Log - Edit customers successfully on the CRM page
[INFO] 03-07-2023 15:34:23 [main] Log - Edit customers successfully on the CRM page
[INFO] 03-07-2023 15:34:26 [main] Log - Driver in TestContext: ChromeDriver: chrome on windows (6a11a0a6d6c9366b974bcf2f61fe7172)
[INFO] 03-07-2023 15:34:33 [main] Log - Edit customers successfully on the CRM page
[INFO] 03-07-2023 15:34:33 [main] Log - Edit customers successfully on the CRM page
[INFO] 03-07-2023 15:34:54 [main] Log - Edit customers successfully on the CRM page
[INFO] 03-07-2023 15:36:45 [main] Log - Add a new customer success
[INFO] 03-07-2023 15:36:47 [main] Log - Driver in TestContext: ChromeDriver: chrome on windows (7aad4b0a3cc7967fe06122c061b26566)
[INFO] 03-07-2023 15:36:54 [main] Log - Add a new customer success
[INFO] 03-07-2023 15:36:54 [main] Log - Add a new customer success
[INFO] 03-07-2023 15:37:15 [main] Log - Validation add customers
[INFO] 03-07-2023 15:37:15 [main] Log - Driver in TestContext: ChromeDriver: chrome on windows (72e4edbdf7f06f09f90a9a5dc38e0f3e)
[INFO] 03-07-2023 15:37:22 [main] Log - Validation add customers
[INFO] 03-07-2023 15:37:25 [main] Log - Validation add customers
[INFO] 03-07-2023 15:37:53 [main] Log - Validation add customers
[INFO] 03-07-2023 15:37:53 [main] Log - Delete customer
[INFO] 03-07-2023 15:37:54 [main] Log - Driver in TestContext: ChromeDriver: chrome on windows (5e908f7b4405b149de85458640baa769)
[INFO] 03-07-2023 15:38:01 [main] Log - Delete customer
[INFO] 03-07-2023 15:38:01 [main] Log - Delete customer
[INFO] 03-07-2023 15:38:01 [main] Log - Edit customers successfully on the CRM page
[INFO] 03-07-2023 15:38:02 [main] Log - Driver in TestContext: ChromeDriver: chrome on windows (3800bb97b9bd54b8f0c6a159f5ba95e2)
[INFO] 03-07-2023 15:38:09 [main] Log - Edit customers successfully on the CRM page
[INFO] 03-07-2023 15:38:09 [main] Log - Edit customers successfully on the CRM page
[INFO] 03-07-2023 15:38:30 [main] Log - Edit customers successfully on the CRM page
[INFO] 03-07-2023 15:42:25 [main] Log - Add a new customer success
[INFO] 03-07-2023 15:42:27 [main] Log - Driver in TestContext: ChromeDriver: chrome on windows (5984b70932f998b58ec9d02ab771501c)
[INFO] 03-07-2023 15:42:34 [main] Log - Add a new customer success
[INFO] 03-07-2023 15:42:34 [main] Log - Add a new customer success
[INFO] 03-07-2023 15:44:49 [main] Log - Add a new customer success
[INFO] 03-07-2023 15:44:52 [main] Log - Driver in TestContext: ChromeDriver: chrome on windows (6d923b9617aa932559cc20c6f2242ae8)
[INFO] 03-07-2023 15:44:59 [main] Log - Add a new customer success
[INFO] 03-07-2023 15:45:01 [main] Log - Add a new customer success
[INFO] 03-07-2023 15:45:05 [main] Log - Add a new customer success
[INFO] 03-07-2023 15:45:06 [main] Log - Add a new customer success
[INFO] 03-07-2023 15:45:28 [main] Log - Validation add customers
[INFO] 03-07-2023 15:45:29 [main] Log - Driver in TestContext: ChromeDriver: chrome on windows (569c5b34e551b150c55cc25565bd6ff4)
[INFO] 03-07-2023 15:45:35 [main] Log - Validation add customers
[INFO] 03-07-2023 15:45:38 [main] Log - Validation add customers
[INFO] 03-07-2023 15:46:07 [main] Log - Validation add customers
[INFO] 03-07-2023 15:46:07 [main] Log - Delete customer
[INFO] 03-07-2023 15:46:08 [main] Log - Driver in TestContext: ChromeDriver: chrome on windows (fe7f2a6dc3e942b90533aabd860343fb)
[INFO] 03-07-2023 15:46:14 [main] Log - Delete customer
[INFO] 03-07-2023 15:46:17 [main] Log - Delete customer
[INFO] 03-07-2023 15:46:18 [main] Log - Edit customers successfully on the CRM page
[INFO] 03-07-2023 15:46:19 [main] Log - Driver in TestContext: ChromeDriver: chrome on windows (6178172f078324f183c42ae6a3dd94fa)
[INFO] 03-07-2023 15:48:19 [main] Log - Add a new customer success
[INFO] 03-07-2023 15:48:22 [main] Log - Driver in TestContext: ChromeDriver: chrome on windows (55ec4af37d18d79e7c721253366825d2)
[INFO] 03-07-2023 15:48:29 [main] Log - Add a new customer success
[INFO] 03-07-2023 15:48:32 [main] Log - Add a new customer success
[INFO] 03-07-2023 15:48:35 [main] Log - Add a new customer success
[INFO] 03-07-2023 15:48:37 [main] Log - Add a new customer success
[INFO] 03-07-2023 15:48:58 [main] Log - Validation add customers
[INFO] 03-07-2023 15:48:58 [main] Log - Driver in TestContext: ChromeDriver: chrome on windows (a7fa6dc035cc8d572d0f152caf0e4f26)
[INFO] 03-07-2023 15:52:37 [main] Log - Add a new customer success
[INFO] 03-07-2023 15:52:40 [main] Log - Driver in TestContext: ChromeDriver: chrome on windows (dd1ef37ec2018506b74b0254ff461aba)
[INFO] 03-07-2023 15:52:46 [main] Log - Add a new customer success
[INFO] 03-07-2023 15:52:49 [main] Log - Add a new customer success
[INFO] 03-07-2023 15:52:53 [main] Log - Add a new customer success
[INFO] 03-07-2023 15:52:54 [main] Log - Add a new customer success
[INFO] 03-07-2023 15:53:15 [main] Log - Validation add customers
[INFO] 03-07-2023 15:53:16 [main] Log - Driver in TestContext: ChromeDriver: chrome on windows (e04e462bc1529cd8f2dfcf3b50b6b981)
[INFO] 03-07-2023 15:55:00 [main] Log - Add a new customer success
[INFO] 03-07-2023 15:55:03 [main] Log - Driver in TestContext: ChromeDriver: chrome on windows (61e4a11ffdb1e1ee10db0143f2bf07c0)
[INFO] 03-07-2023 15:55:10 [main] Log - Add a new customer success
[INFO] 03-07-2023 15:55:13 [main] Log - Add a new customer success
[INFO] 03-07-2023 15:55:16 [main] Log - Add a new customer success
[INFO] 03-07-2023 15:55:18 [main] Log - Add a new customer success
[INFO] 03-07-2023 15:55:19 [main] Log - Validation add customers
[INFO] 03-07-2023 15:55:20 [main] Log - Driver in TestContext: ChromeDriver: chrome on windows (e00ea7d531e65f34e995e8076dd7b45a)
[INFO] 03-07-2023 15:55:26 [main] Log - Validation add customers
[INFO] 03-07-2023 15:55:29 [main] Log - Validation add customers
[INFO] 03-07-2023 15:55:57 [main] Log - Validation add customers
[INFO] 03-07-2023 16:00:14 [main] Log - Add a new customer success
[INFO] 03-07-2023 16:00:16 [main] Log - Driver in TestContext: ChromeDriver: chrome on windows (0f8442e5be8c56e6ee9b567c8107d114)
[INFO] 03-07-2023 16:00:23 [main] Log - Add a new customer success
[INFO] 03-07-2023 16:00:26 [main] Log - Add a new customer success
[INFO] 03-07-2023 16:00:29 [main] Log - Add a new customer success
[INFO] 03-07-2023 16:00:31 [main] Log - Add a new customer success
[INFO] 03-07-2023 16:00:32 [main] Log - Validation add customers
[INFO] 03-07-2023 16:00:32 [main] Log - Driver in TestContext: ChromeDriver: chrome on windows (bfaa4429383dc5dfaa2739138b81b2a9)
[INFO] 03-07-2023 16:00:39 [main] Log - Validation add customers
[INFO] 03-07-2023 16:00:42 [main] Log - Validation add customers
[INFO] 03-07-2023 16:01:10 [main] Log - Validation add customers
[INFO] 03-07-2023 16:01:39 [main] Log - Add a new customer success
[INFO] 03-07-2023 16:01:41 [main] Log - Driver in TestContext: ChromeDriver: chrome on windows (ed690799ab4b675e9abeb6c10cf16c50)
[INFO] 03-07-2023 16:01:47 [main] Log - Add a new customer success
[INFO] 03-07-2023 16:01:50 [main] Log - Add a new customer success
[INFO] 03-07-2023 16:01:54 [main] Log - Add a new customer success
[INFO] 03-07-2023 16:01:55 [main] Log - Add a new customer success
[INFO] 03-07-2023 16:01:56 [main] Log - Validation add customers
[INFO] 03-07-2023 16:01:57 [main] Log - Driver in TestContext: ChromeDriver: chrome on windows (66031a429d09960884e1431b90671601)
[INFO] 03-07-2023 16:02:03 [main] Log - Validation add customers
[INFO] 03-07-2023 16:02:06 [main] Log - Validation add customers
[INFO] 03-07-2023 16:02:34 [main] Log - Validation add customers
[INFO] 03-07-2023 16:02:35 [main] Log - Delete customer
[INFO] 03-07-2023 16:02:35 [main] Log - Driver in TestContext: ChromeDriver: chrome on windows (e2fead141194ed70ccc7c50ca19f7e53)
[INFO] 03-07-2023 16:02:42 [main] Log - Delete customer
[INFO] 03-07-2023 16:02:45 [main] Log - Delete customer
[INFO] 03-07-2023 16:02:45 [main] Log - Edit customers successfully on the CRM page
[INFO] 03-07-2023 16:02:46 [main] Log - Driver in TestContext: ChromeDriver: chrome on windows (9cfc97a7cdce5af49ba7894e1d7d3f35)
[INFO] 03-07-2023 16:02:53 [main] Log - Edit customers successfully on the CRM page
[INFO] 03-07-2023 16:02:53 [main] Log - Edit customers successfully on the CRM page
[INFO] 03-07-2023 16:03:14 [main] Log - Edit customers successfully on the CRM page
[INFO] 03-07-2023 16:06:12 [main] Log - Add a new customer success
[INFO] 03-07-2023 16:06:15 [main] Log - Driver in TestContext: ChromeDriver: chrome on windows (4470ea48d9e91e97e5ffc4c3a9f1ebe8)
[INFO] 03-07-2023 16:06:23 [main] Log - Add a new customer success
[INFO] 03-07-2023 16:06:25 [main] Log - Add a new customer success
[INFO] 03-07-2023 16:06:29 [main] Log - Add a new customer success
[INFO] 03-07-2023 16:06:31 [main] Log - Add a new customer success
[INFO] 03-07-2023 16:06:31 [main] Log - Validation add customers
[INFO] 03-07-2023 16:06:32 [main] Log - Driver in TestContext: ChromeDriver: chrome on windows (327631d6ae0de3516d96b998b2ceef6d)
[INFO] 03-07-2023 16:06:39 [main] Log - Validation add customers
[INFO] 03-07-2023 16:06:42 [main] Log - Validation add customers
[INFO] 03-07-2023 16:07:10 [main] Log - Validation add customers
[INFO] 03-07-2023 16:07:10 [main] Log - Delete customer
[INFO] 03-07-2023 16:07:11 [main] Log - Driver in TestContext: ChromeDriver: chrome on windows (0bb523de5ca0b82ca465bf7e328fa1d9)
[INFO] 03-07-2023 16:07:18 [main] Log - Delete customer
[INFO] 03-07-2023 16:07:21 [main] Log - Delete customer
[INFO] 03-07-2023 16:07:25 [main] Log - Delete customer
[INFO] 03-07-2023 16:07:26 [main] Log - Delete customer
[INFO] 03-07-2023 16:07:28 [main] Log - Delete customer
[INFO] 03-07-2023 16:07:29 [main] Log - Edit customers successfully on the CRM page
[INFO] 03-07-2023 16:07:30 [main] Log - Driver in TestContext: ChromeDriver: chrome on windows (1446d64cef6498f89e14b366023b067e)
[INFO] 03-07-2023 16:07:37 [main] Log - Edit customers successfully on the CRM page
[INFO] 03-07-2023 16:07:37 [main] Log - Edit customers successfully on the CRM page
[INFO] 03-07-2023 16:07:58 [main] Log - Edit customers successfully on the CRM page
[INFO] 03-07-2023 16:08:55 [main] Log - Add a new customer success
[INFO] 03-07-2023 16:08:57 [main] Log - Driver in TestContext: ChromeDriver: chrome on windows (15256dfdf570ace9bde4663899b9f502)
[INFO] 03-07-2023 16:09:04 [main] Log - Add a new customer success
[INFO] 03-07-2023 16:09:06 [main] Log - Add a new customer success
[INFO] 03-07-2023 16:09:10 [main] Log - Add a new customer success
[INFO] 03-07-2023 16:09:11 [main] Log - Add a new customer success
[INFO] 03-07-2023 16:09:12 [main] Log - Validation add customers
[INFO] 03-07-2023 16:09:13 [main] Log - Driver in TestContext: ChromeDriver: chrome on windows (6998389f759f679a0e1f836d125a496a)
[INFO] 03-07-2023 16:09:20 [main] Log - Validation add customers
[INFO] 03-07-2023 16:09:23 [main] Log - Validation add customers
[INFO] 03-07-2023 16:09:51 [main] Log - Validation add customers
[INFO] 03-07-2023 16:09:51 [main] Log - Delete customer
[INFO] 03-07-2023 16:09:52 [main] Log - Driver in TestContext: ChromeDriver: chrome on windows (7085259766bca5111d7f8fd8802ce53a)
[INFO] 03-07-2023 16:09:59 [main] Log - Delete customer
[INFO] 03-07-2023 16:10:00 [main] Log - Delete customer
[INFO] 03-07-2023 16:10:04 [main] Log - Delete customer
[INFO] 03-07-2023 16:10:05 [main] Log - Delete customer
[INFO] 03-07-2023 16:10:07 [main] Log - Delete customer
[INFO] 03-07-2023 16:10:09 [main] Log - Edit customers successfully on the CRM page
[INFO] 03-07-2023 16:10:10 [main] Log - Driver in TestContext: ChromeDriver: chrome on windows (3e370b6624ceb06ccb0e417eb7a82f4e)
[INFO] 03-07-2023 16:10:17 [main] Log - Edit customers successfully on the CRM page
[INFO] 03-07-2023 16:10:19 [main] Log - Edit customers successfully on the CRM page
[INFO] 03-07-2023 16:10:40 [main] Log - Edit customers successfully on the CRM page
[INFO] 03-07-2023 16:18:03 [main] Log - Add a new customer success
[INFO] 03-07-2023 16:18:06 [main] Log - Driver in TestContext: ChromeDriver: chrome on windows (4a94f681a83f61e2766f218127339b37)
[INFO] 03-07-2023 16:18:13 [main] Log - Add a new customer success
[INFO] 03-07-2023 16:18:16 [main] Log - Add a new customer success
[INFO] 03-07-2023 16:18:19 [main] Log - Add a new customer success
[INFO] 03-07-2023 16:18:20 [main] Log - Add a new customer success
[INFO] 03-07-2023 16:18:21 [main] Log - Validation add customers
[INFO] 03-07-2023 16:18:22 [main] Log - Driver in TestContext: ChromeDriver: chrome on windows (05c4126cc02ffc0b090f5d33573b1fee)
[INFO] 03-07-2023 16:18:28 [main] Log - Validation add customers
[INFO] 03-07-2023 16:18:31 [main] Log - Validation add customers
[INFO] 03-07-2023 16:18:59 [main] Log - Validation add customers
[INFO] 03-07-2023 16:19:00 [main] Log - Delete customer
[INFO] 03-07-2023 16:19:00 [main] Log - Driver in TestContext: ChromeDriver: chrome on windows (e4d369c500a0ebb0a4e7f5301b8d0350)
[INFO] 03-07-2023 16:19:07 [main] Log - Delete customer
[INFO] 03-07-2023 16:19:08 [main] Log - Delete customer
[INFO] 03-07-2023 16:19:12 [main] Log - Delete customer
[INFO] 03-07-2023 16:19:14 [main] Log - Delete customer
[INFO] 03-07-2023 16:19:16 [main] Log - Delete customer
[INFO] 03-07-2023 16:19:17 [main] Log - Edit customers successfully on the CRM page
[INFO] 03-07-2023 16:19:18 [main] Log - Driver in TestContext: ChromeDriver: chrome on windows (544c51c9c62c06ee2fc330bd8d419bcf)
[INFO] 03-07-2023 16:19:25 [main] Log - Edit customers successfully on the CRM page
[INFO] 03-07-2023 16:19:26 [main] Log - Edit customers successfully on the CRM page
[INFO] 03-07-2023 16:19:47 [main] Log - Edit customers successfully on the CRM page
[INFO] 03-07-2023 16:20:33 [main] Log - Add a new customer success
[INFO] 03-07-2023 16:20:36 [main] Log - Driver in TestContext: ChromeDriver: chrome on windows (ae753602e24f4f1b2198ab50245b23fc)
[INFO] 03-07-2023 16:20:43 [main] Log - Add a new customer success
[INFO] 03-07-2023 16:20:46 [main] Log - Add a new customer success
[INFO] 03-07-2023 16:20:49 [main] Log - Add a new customer success
[INFO] 03-07-2023 16:20:51 [main] Log - Add a new customer success
[INFO] 03-07-2023 16:20:52 [main] Log - Validation add customers
[INFO] 03-07-2023 16:20:53 [main] Log - Driver in TestContext: ChromeDriver: chrome on windows (dfc535b8fce9ee4e27cfde4a0cc79f2f)
[INFO] 03-07-2023 16:21:00 [main] Log - Validation add customers
[INFO] 03-07-2023 16:21:02 [main] Log - Validation add customers
[INFO] 03-07-2023 16:21:31 [main] Log - Validation add customers
[INFO] 03-07-2023 16:21:31 [main] Log - Delete customer
[INFO] 03-07-2023 16:21:32 [main] Log - Driver in TestContext: ChromeDriver: chrome on windows (cecaec94853c223bfe724b60b266c2ac)
[INFO] 03-07-2023 16:21:38 [main] Log - Delete customer
[INFO] 03-07-2023 16:21:40 [main] Log - Delete customer
[INFO] 03-07-2023 16:21:44 [main] Log - Delete customer
[INFO] 03-07-2023 16:21:45 [main] Log - Delete customer
[INFO] 03-07-2023 16:21:47 [main] Log - Delete customer
[INFO] 03-07-2023 16:21:49 [main] Log - Edit customers successfully on the CRM page
[INFO] 03-07-2023 16:21:49 [main] Log - Driver in TestContext: ChromeDriver: chrome on windows (6454aa1e5d0f4e04e818bc6866b484ad)
[INFO] 03-07-2023 16:21:56 [main] Log - Edit customers successfully on the CRM page
[INFO] 03-07-2023 16:21:57 [main] Log - Edit customers successfully on the CRM page
[INFO] 03-07-2023 16:22:18 [main] Log - Edit customers successfully on the CRM page
[INFO] 03-07-2023 16:26:23 [main] Log - Login success
[INFO] 03-07-2023 16:26:23 [main] Log - Invalid Login
[INFO] 03-07-2023 16:28:42 [main] Log - Login success
[INFO] 03-07-2023 16:28:42 [main] Log - Invalid Login
[INFO] 03-07-2023 16:28:58 [main] Log - Login success
[INFO] 03-07-2023 16:28:58 [main] Log - Login fails with email incorrect format
[INFO] 03-07-2023 16:28:58 [main] Log - Login fails with email incorrect format 2
[INFO] 03-07-2023 16:28:58 [main] Log - Login fails with an incorrect password
[INFO] 03-07-2023 16:40:05 [main] Log - Login success
[INFO] 03-07-2023 16:40:05 [main] Log - Login fails with email incorrect format
[INFO] 03-07-2023 16:40:05 [main] Log - Login fails with email incorrect format 2
[INFO] 03-07-2023 16:40:05 [main] Log - Login fails with an incorrect password
[INFO] 03-07-2023 16:41:26 [main] Log - Login success
[INFO] 03-07-2023 16:41:27 [main] Log - Login fails with email incorrect format
[INFO] 03-07-2023 16:41:27 [main] Log - Login fails with email incorrect format 2
[INFO] 03-07-2023 16:41:27 [main] Log - Login fails with an incorrect password
[INFO] 03-07-2023 16:42:48 [main] Log - Add a new customer success
[INFO] 03-07-2023 16:42:50 [main] Log - Driver in TestContext: ChromeDriver: chrome on windows (c3824a0a32d843472215a05e43ca90d8)
[INFO] 03-07-2023 16:42:57 [main] Log - Add a new customer success
[INFO] 03-07-2023 16:43:00 [main] Log - Add a new customer success
[INFO] 03-07-2023 16:43:03 [main] Log - Add a new customer success
[INFO] 03-07-2023 16:43:05 [main] Log - Add a new customer success
[INFO] 03-07-2023 16:43:06 [main] Log - Validation add customers
[INFO] 03-07-2023 16:43:07 [main] Log - Driver in TestContext: ChromeDriver: chrome on windows (70ce1e2dc9b351f1ad8691ab769e08a2)
[INFO] 03-07-2023 16:43:13 [main] Log - Validation add customers
[INFO] 03-07-2023 16:43:16 [main] Log - Validation add customers
[INFO] 03-07-2023 16:43:44 [main] Log - Validation add customers
[INFO] 03-07-2023 16:43:45 [main] Log - Delete customer
[INFO] 03-07-2023 16:43:45 [main] Log - Driver in TestContext: ChromeDriver: chrome on windows (70b380e915879aca2b54c87048dc3cd0)
[INFO] 03-07-2023 16:43:52 [main] Log - Delete customer
[INFO] 03-07-2023 16:43:53 [main] Log - Delete customer
[INFO] 03-07-2023 16:43:57 [main] Log - Delete customer
[INFO] 03-07-2023 16:43:59 [main] Log - Delete customer
[INFO] 03-07-2023 16:44:01 [main] Log - Delete customer
[INFO] 03-07-2023 16:44:02 [main] Log - Edit customers successfully on the CRM page
[INFO] 03-07-2023 16:44:03 [main] Log - Driver in TestContext: ChromeDriver: chrome on windows (5cff350ebc335f41640d9802da154ee0)
[INFO] 03-07-2023 16:44:09 [main] Log - Edit customers successfully on the CRM page
[INFO] 03-07-2023 16:44:11 [main] Log - Edit customers successfully on the CRM page
[INFO] 03-07-2023 16:44:32 [main] Log - Edit customers successfully on the CRM page
[INFO] 03-07-2023 16:44:50 [main] Log - Login success
[INFO] 03-07-2023 16:44:51 [main] Log - Login fails with email incorrect format
[INFO] 03-07-2023 16:44:51 [main] Log - Login fails with email incorrect format 2
[INFO] 03-07-2023 16:44:51 [main] Log - Login fails with an incorrect password
[INFO] 03-07-2023 16:54:05 [main] Log - Login success
[INFO] 03-07-2023 16:54:06 [main] Log - Login fails with email incorrect format
[INFO] 03-07-2023 16:54:06 [main] Log - Login fails with email incorrect format 2
[INFO] 03-07-2023 16:54:06 [main] Log - Login fails with an incorrect password
[INFO] 03-07-2023 16:55:03 [main] Log - Add a new customer success
[INFO] 03-07-2023 16:55:06 [main] Log - Driver in TestContext: ChromeDriver: chrome on windows (09d5b6b023ad60f701cff8706a059ef5)
[INFO] 03-07-2023 16:56:33 [main] Log - Validation add customers
[INFO] 03-07-2023 16:56:34 [main] Log - Driver in TestContext: ChromeDriver: chrome on windows (8449629f445aeaac368c7f3a2f72c586)
[INFO] 03-07-2023 16:56:48 [main] Log - Add a new customer success
[INFO] 03-07-2023 16:56:51 [main] Log - Driver in TestContext: ChromeDriver: chrome on windows (9fe761a67d6c8d834085f25312928b8f)
[INFO] 03-07-2023 16:56:58 [main] Log - Add a new customer success
[INFO] 03-07-2023 16:57:01 [main] Log - Add a new customer success
[INFO] 03-07-2023 16:57:43 [main] Log - Login success
[INFO] 03-07-2023 16:57:43 [main] Log - Invalid Login
[INFO] 03-07-2023 17:09:22 [main] Log - Login success
[INFO] 03-07-2023 17:09:24 [main] Log - Driver in TestContext: ChromeDriver: chrome on windows (04909f40fd9429730d8ef8bddd9f1d54)
[INFO] 03-07-2023 17:09:25 [main] Log - Login success
[INFO] 03-07-2023 17:09:30 [main] Log - Login success
[INFO] 03-07-2023 17:09:32 [main] Log - Login success
[INFO] 03-07-2023 17:09:32 [main] Log - Invalid Login
[INFO] 03-07-2023 17:09:33 [main] Log - Driver in TestContext: ChromeDriver: chrome on windows (f271adb7826a406a7b5530e9ac058b9a)
[INFO] 03-07-2023 17:09:33 [main] Log - Invalid Login
[INFO] 03-07-2023 17:09:38 [main] Log - Invalid Login
[INFO] 03-07-2023 17:09:39 [main] Log - Invalid Login
[INFO] 03-07-2023 17:10:32 [main] Log - Login success
[INFO] 03-07-2023 17:10:34 [main] Log - Driver in TestContext: ChromeDriver: chrome on windows (ea9fecf20791731f4a08156378a05b7f)
[INFO] 03-07-2023 17:10:35 [main] Log - Login success
[INFO] 03-07-2023 17:10:39 [main] Log - Login success
[INFO] 03-07-2023 17:10:41 [main] Log - Login success
[INFO] 03-07-2023 17:10:42 [main] Log - Invalid Login
[INFO] 03-07-2023 17:10:43 [main] Log - Driver in TestContext: ChromeDriver: chrome on windows (0bffc99fe497d24f4362d8a8473eaf94)
[INFO] 03-07-2023 17:10:43 [main] Log - Invalid Login
[INFO] 03-07-2023 17:10:48 [main] Log - Invalid Login
[INFO] 03-07-2023 17:10:49 [main] Log - Invalid Login
[INFO] 03-07-2023 17:11:33 [main] Log - Login success
[INFO] 03-07-2023 17:11:35 [main] Log - Driver in TestContext: ChromeDriver: chrome on windows (0adca21f32937dacb925241efa033a66)
[INFO] 03-07-2023 17:11:35 [main] Log - Login success
[INFO] 03-07-2023 17:11:40 [main] Log - Login success
[INFO] 03-07-2023 17:11:42 [main] Log - Login success
[INFO] 03-07-2023 17:11:42 [main] Log - Invalid Login
[INFO] 03-07-2023 17:11:43 [main] Log - Driver in TestContext: ChromeDriver: chrome on windows (5a6ea0c76dbf0e7a9e4d3ecc8326b474)
[INFO] 03-07-2023 17:11:44 [main] Log - Invalid Login
[INFO] 03-07-2023 17:11:49 [main] Log - Invalid Login
[INFO] 03-07-2023 17:11:50 [main] Log - Invalid Login
[INFO] 03-07-2023 17:14:29 [main] Log - Login success
[INFO] 03-07-2023 17:14:31 [main] Log - Driver in TestContext: ChromeDriver: chrome on windows (09a4597b2219fe3194432d07094b3a11)
[INFO] 03-07-2023 17:14:42 [main] Log - Login success
[INFO] 03-07-2023 17:14:58 [main] Log - Login success
[INFO] 03-07-2023 17:15:11 [main] Log - Login success
[INFO] 03-07-2023 17:15:12 [main] Log - Invalid Login
[INFO] 03-07-2023 17:15:13 [main] Log - Driver in TestContext: ChromeDriver: chrome on windows (ff207635faaf28a7b3079ca4405bd9dd)
[INFO] 03-07-2023 17:15:17 [main] Log - Invalid Login
[INFO] 03-07-2023 17:15:24 [main] Log - Invalid Login
[INFO] 03-07-2023 17:15:26 [main] Log - Invalid Login
[INFO] 03-07-2023 17:17:19 [main] Log - Login success
[INFO] 03-07-2023 17:17:22 [main] Log - Driver in TestContext: ChromeDriver: chrome on windows (22218a56e36f8e8c438bd0cfeb27ed0b)
[INFO] 03-07-2023 17:17:23 [main] Log - Login success
[INFO] 03-07-2023 17:18:00 [main] Log - Login success
[INFO] 03-07-2023 17:18:03 [main] Log - Driver in TestContext: ChromeDriver: chrome on windows (5cb7bfc6bb17c5882529f0fa2bfdfc52)
[INFO] 03-07-2023 17:18:04 [main] Log - Login success
[INFO] 03-07-2023 17:18:06 [main] Log - Invalid Login
[INFO] 03-07-2023 17:18:07 [main] Log - Driver in TestContext: ChromeDriver: chrome on windows (0463dcf30c5c847369a387f0ae9248fc)
[INFO] 03-07-2023 17:18:08 [main] Log - Invalid Login
[INFO] 03-07-2023 17:19:11 [main] Log - Login success
[INFO] 03-07-2023 17:19:14 [main] Log - Driver in TestContext: ChromeDriver: chrome on windows (830711e72190ded8a6e9ef5fccf5b0aa)
[INFO] 03-07-2023 17:19:16 [main] Log - Login success
[INFO] 03-07-2023 17:19:22 [main] Log - Login success
[INFO] 03-07-2023 17:19:24 [main] Log - Login success
[INFO] 03-07-2023 17:19:25 [main] Log - Invalid Login
[INFO] 03-07-2023 17:19:26 [main] Log - Driver in TestContext: ChromeDriver: chrome on windows (51e089d7999d2dacfbba8e313120816c)
[INFO] 03-07-2023 17:19:28 [main] Log - Invalid Login
[INFO] 03-07-2023 17:19:33 [main] Log - Invalid Login
[INFO] 03-07-2023 17:19:35 [main] Log - Invalid Login
[INFO] 03-07-2023 17:21:12 [main] Log - Login success
[INFO] 03-07-2023 17:21:14 [main] Log - Driver in TestContext: ChromeDriver: chrome on windows (521b9d5482cd96546439afe2f6e4bcdf)
[INFO] 03-07-2023 17:21:17 [main] Log - Login success
[INFO] 03-07-2023 17:21:22 [main] Log - Login success
[INFO] 03-07-2023 17:21:24 [main] Log - Login success
[INFO] 03-07-2023 17:21:24 [main] Log - Invalid Login
[INFO] 03-07-2023 17:21:25 [main] Log - Driver in TestContext: ChromeDriver: chrome on windows (8d42bee8a62777b198e71a2d78479830)
[INFO] 03-07-2023 17:21:28 [main] Log - Invalid Login
[INFO] 03-07-2023 17:21:33 [main] Log - Invalid Login
[INFO] 03-07-2023 17:21:35 [main] Log - Invalid Login
[INFO] 03-07-2023 17:21:35 [main] Log - Invalid Login
[INFO] 03-07-2023 17:23:32 [main] Log - Login success
[INFO] 03-07-2023 17:23:35 [main] Log - Driver in TestContext: ChromeDriver: chrome on windows (22f4691877962c5de4b587c9c042b700)
[INFO] 03-07-2023 17:23:37 [main] Log - Login success
[INFO] 03-07-2023 17:23:42 [main] Log - Login success
[INFO] 03-07-2023 17:23:44 [main] Log - Login success
[INFO] 03-07-2023 17:23:45 [main] Log - Invalid Login
[INFO] 03-07-2023 17:23:46 [main] Log - Driver in TestContext: ChromeDriver: chrome on windows (1b57c832b5b66a261f1d2d3ac5504fe1)
[INFO] 03-07-2023 17:23:49 [main] Log - Invalid Login
[INFO] 03-07-2023 17:23:54 [main] Log - Invalid Login
[INFO] 03-07-2023 17:23:56 [main] Log - Invalid Login
[INFO] 03-07-2023 17:24:27 [main] Log - Login success
[INFO] 03-07-2023 17:24:30 [main] Log - Driver in TestContext: ChromeDriver: chrome on windows (a6f4d0473758ae5e165194d5510bc8da)
[INFO] 03-07-2023 17:24:33 [main] Log - Login success
[INFO] 03-07-2023 17:24:39 [main] Log - Login success
[INFO] 03-07-2023 17:24:42 [main] Log - Login success
[INFO] 03-07-2023 17:24:42 [main] Log - Invalid Login
[INFO] 03-07-2023 17:24:43 [main] Log - Driver in TestContext: ChromeDriver: chrome on windows (af801952f70079cc3d6ea054d7c5799e)
[INFO] 03-07-2023 17:24:46 [main] Log - Invalid Login
[INFO] 03-07-2023 17:24:51 [main] Log - Invalid Login
[INFO] 03-07-2023 17:24:52 [main] Log - Invalid Login
[INFO] 03-07-2023 17:24:52 [main] Log - Invalid Login
[INFO] 03-07-2023 17:39:06 [main] Log - Login success
[INFO] 03-07-2023 17:39:09 [main] Log - Driver in TestContext: ChromeDriver: chrome on windows (b5e54849847a4539d194513c35461f47)
[INFO] 03-07-2023 17:39:10 [main] Log - Login success
[INFO] 03-07-2023 17:39:15 [main] Log - Login success
[INFO] 03-07-2023 17:39:17 [main] Log - Login success
[INFO] 03-07-2023 17:39:17 [main] Log - Login fails with email incorrect format
[INFO] 03-07-2023 17:39:18 [main] Log - Driver in TestContext: ChromeDriver: chrome on windows (5fae7379658e3a3f9f41aad8d8f14b1f)
[INFO] 03-07-2023 17:39:19 [main] Log - Login fails with email incorrect format
[INFO] 03-07-2023 17:39:23 [main] Log - Login fails with email incorrect format
[INFO] 03-07-2023 17:39:25 [main] Log - Login fails with email incorrect format
[INFO] 03-07-2023 17:39:25 [main] Log - Login fails with email incorrect format 2
[INFO] 03-07-2023 17:39:26 [main] Log - Driver in TestContext: ChromeDriver: chrome on windows (218eed37e54339fcc8b9ec8de3134332)
[INFO] 03-07-2023 17:39:26 [main] Log - Login fails with email incorrect format 2
[INFO] 03-07-2023 17:39:31 [main] Log - Login fails with email incorrect format 2
[INFO] 03-07-2023 17:39:32 [main] Log - Login fails with email incorrect format 2
[INFO] 03-07-2023 17:39:32 [main] Log - Login fails with an incorrect password
[INFO] 03-07-2023 17:39:33 [main] Log - Driver in TestContext: ChromeDriver: chrome on windows (aa57c50e0e2cb7bf096710618faca8ca)
[INFO] 03-07-2023 17:39:33 [main] Log - Login fails with an incorrect password
[INFO] 03-07-2023 17:39:38 [main] Log - Login fails with an incorrect password
[INFO] 03-07-2023 17:39:39 [main] Log - Login fails with an incorrect password
[INFO] 07-07-2023 22:16:16 [main] Log - Add a new customer success
[INFO] 07-07-2023 22:16:23 [main] Log - Driver in TestContext: ChromeDriver: chrome on windows (febad5fadcaa2db7ab86c66f4f977698)
[INFO] 07-07-2023 22:16:26 [main] Log - Validation add customers
[INFO] 07-07-2023 22:16:27 [main] Log - Driver in TestContext: ChromeDriver: chrome on windows (106cd8cbafe0871df6859afa2ee5e44c)
[INFO] 07-07-2023 22:17:15 [main] Log - Add a new customer success
[INFO] 07-07-2023 22:17:20 [main] Log - Driver in TestContext: ChromeDriver: chrome on windows (9fa8837649846a7c49526cbb3cf33f13)
[INFO] 07-07-2023 22:17:22 [main] Log - Validation add customers
[INFO] 07-07-2023 22:17:25 [main] Log - Driver in TestContext: ChromeDriver: chrome on windows (b4d78995ad01a87c0df9bf0d03e93b69)
[INFO] 07-07-2023 22:18:08 [main] Log - Add a new customer success
[INFO] 07-07-2023 22:18:13 [main] Log - Driver in TestContext: ChromeDriver: chrome on windows (abd2a11285e85f34a01f0a378fd025ad)
[INFO] 07-07-2023 22:18:22 [main] Log - Validation add customers
[INFO] 07-07-2023 22:21:42 [main] Log - Add a new customer success
[INFO] 07-07-2023 22:21:47 [main] Log - Driver in TestContext: ChromeDriver: chrome on windows (711a42a0c96aa5a101aab378a9f144a7)
[INFO] 07-07-2023 22:21:56 [main] Log - Validation add customers
[INFO] 07-07-2023 22:21:58 [main] Log - Driver in TestContext: ChromeDriver: chrome on windows (cb41b718fead46dffa567ee513df5cfb)
[INFO] 07-07-2023 22:24:27 [main] Log - Add a new customer success
[INFO] 07-07-2023 22:24:32 [main] Log - Driver in TestContext: ChromeDriver: chrome on windows (30251ba63108ff42a6f3fe280173320f)
[INFO] 07-07-2023 22:24:50 [main] Log - Validation add customers
[INFO] 07-07-2023 22:24:53 [main] Log - Driver in TestContext: ChromeDriver: chrome on windows (e33a3e42fb5e41a7d4fd6f92364eb27c)
[INFO] 07-07-2023 22:27:23 [main] Log - Add a new customer success
[INFO] 07-07-2023 22:27:28 [main] Log - Driver in TestContext: ChromeDriver: chrome on windows (58ef0704837ca03438bee6ceb0e31251)
[INFO] 07-07-2023 22:27:44 [main] Log - Validation add customers
[INFO] 07-07-2023 22:27:45 [main] Log - Driver in TestContext: ChromeDriver: chrome on windows (9838e8be3767e6f427241a53392fb680)
[INFO] 07-07-2023 22:27:59 [main] Log - Delete customer
[INFO] 07-07-2023 22:28:01 [main] Log - Driver in TestContext: ChromeDriver: chrome on windows (81095d582db83608c7fc7190c4bfb243)
[INFO] 07-07-2023 22:28:14 [main] Log - Edit customers successfully on the CRM page
[INFO] 07-07-2023 22:28:16 [main] Log - Driver in TestContext: ChromeDriver: chrome on windows (d846418adcac65a658f23951af767e43)
[INFO] 07-07-2023 22:35:20 [main] Log - Add a new customer success
[INFO] 07-07-2023 22:35:25 [main] Log - Driver in TestContext: ChromeDriver: chrome on windows (07ee26e6e7d7af266f2b5e2290c54f7c)
[INFO] 07-07-2023 22:35:37 [main] Log - Add a new customer success
[INFO] 07-07-2023 22:35:41 [main] Log - Add a new customer success
[INFO] 07-07-2023 22:35:48 [main] Log - Add a new customer success
[INFO] 07-07-2023 22:35:51 [main] Log - Add a new customer success
[INFO] 07-07-2023 22:35:52 [main] Log - Validation add customers
[INFO] 07-07-2023 22:35:55 [main] Log - Driver in TestContext: ChromeDriver: chrome on windows (45d6fac9f29eea70f3c781e4fb059640)
[INFO] 07-07-2023 22:36:06 [main] Log - Validation add customers
[INFO] 07-07-2023 22:36:10 [main] Log - Validation add customers
[INFO] 07-07-2023 22:36:54 [main] Log - Delete customer
[INFO] 07-07-2023 22:36:56 [main] Log - Driver in TestContext: ChromeDriver: chrome on windows (9fc9f41c1a536eaeff4fc9c3017aa713)
[INFO] 07-07-2023 22:37:07 [main] Log - Delete customer
[INFO] 07-07-2023 22:37:09 [main] Log - Delete customer
[INFO] 07-07-2023 22:37:14 [main] Log - Delete customer
[INFO] 07-07-2023 22:37:16 [main] Log - Delete customer
[INFO] 07-07-2023 22:37:18 [main] Log - Delete customer
[INFO] 07-07-2023 22:37:21 [main] Log - Edit customers successfully on the CRM page
[INFO] 07-07-2023 22:37:23 [main] Log - Driver in TestContext: ChromeDriver: chrome on windows (46982552c5717f0ae918b5b23f22cb90)
[INFO] 07-07-2023 22:37:34 [main] Log - Edit customers successfully on the CRM page
[INFO] 07-07-2023 22:37:36 [main] Log - Edit customers successfully on the CRM page
[INFO] 10-07-2023 21:25:19 [main] Log - Add a new customer success
[INFO] 10-07-2023 21:25:24 [main] Log - Driver in TestContext: ChromeDriver: chrome on windows (cd1392b947f97fe839cc84ac59ecfda9)
[INFO] 10-07-2023 21:25:34 [main] Log - Add a new customer success
[INFO] 10-07-2023 21:25:37 [main] Log - Add a new customer success
[INFO] 10-07-2023 21:25:44 [main] Log - Add a new customer success
[INFO] 10-07-2023 21:25:45 [main] Log - Add a new customer success
[INFO] 10-07-2023 21:25:46 [main] Log - Validation add customers
[INFO] 10-07-2023 21:25:47 [main] Log - Driver in TestContext: ChromeDriver: chrome on windows (4fc3e749c40bfe503805a2ea16c5394b)
[INFO] 10-07-2023 21:25:56 [main] Log - Validation add customers
[INFO] 10-07-2023 21:25:59 [main] Log - Validation add customers
[INFO] 10-07-2023 21:26:37 [main] Log - Delete customer
[INFO] 10-07-2023 21:26:37 [main] Log - Driver in TestContext: ChromeDriver: chrome on windows (f2ca1667bbb33db5c84807c5cb651363)
[INFO] 10-07-2023 21:26:46 [main] Log - Delete customer
[INFO] 10-07-2023 21:30:53 [main] Log - Add a new customer success
[INFO] 10-07-2023 21:30:56 [main] Log - Driver in TestContext: ChromeDriver: chrome on windows (699ce43103bfec49a42867dafb0c334d)
[INFO] 10-07-2023 21:31:05 [main] Log - Add a new customer success
[INFO] 10-07-2023 21:31:08 [main] Log - Add a new customer success
[INFO] 10-07-2023 21:31:14 [main] Log - Add a new customer success
[INFO] 10-07-2023 21:31:16 [main] Log - Add a new customer success
[INFO] 10-07-2023 21:31:16 [main] Log - Validation add customers
[INFO] 10-07-2023 21:31:17 [main] Log - Driver in TestContext: ChromeDriver: chrome on windows (2830877dc1476decff66882ca31d9a34)
[INFO] 10-07-2023 21:31:26 [main] Log - Validation add customers
[INFO] 10-07-2023 21:31:29 [main] Log - Validation add customers
[INFO] 10-07-2023 21:37:16 [main] Log - Add a new customer success
[INFO] 10-07-2023 21:37:19 [main] Log - Driver in TestContext: ChromeDriver: chrome on windows (87d6e8040dbb62d705eb14342094e789)
[INFO] 10-07-2023 21:37:28 [main] Log - Add a new customer success
[INFO] 10-07-2023 21:37:31 [main] Log - Add a new customer success
[INFO] 10-07-2023 21:37:37 [main] Log - Add a new customer success
[INFO] 10-07-2023 21:37:39 [main] Log - Add a new customer success
[INFO] 10-07-2023 21:37:39 [main] Log - Validation add customers
[INFO] 10-07-2023 21:37:40 [main] Log - Driver in TestContext: ChromeDriver: chrome on windows (8b714a81b8eef2bafbd950935e3d1a53)
[INFO] 10-07-2023 21:37:49 [main] Log - Validation add customers
[INFO] 10-07-2023 21:37:52 [main] Log - Validation add customers
[INFO] 10-07-2023 21:43:22 [main] Log - Add a new customer success
[INFO] 10-07-2023 21:43:25 [main] Log - Driver in TestContext: ChromeDriver: chrome on windows (1fd4442ba7ec6888d4fdd29b65d9b11d)
[INFO] 10-07-2023 21:43:34 [main] Log - Add a new customer success
[INFO] 10-07-2023 21:43:37 [main] Log - Add a new customer success
[INFO] 10-07-2023 21:43:43 [main] Log - Add a new customer success
[INFO] 10-07-2023 21:43:45 [main] Log - Add a new customer success
[INFO] 10-07-2023 21:43:45 [main] Log - Validation add customers
[INFO] 10-07-2023 21:43:46 [main] Log - Driver in TestContext: ChromeDriver: chrome on windows (94dc08ba63ac76c94c32c334c81ff313)
[INFO] 10-07-2023 21:43:55 [main] Log - Validation add customers
[INFO] 10-07-2023 21:43:58 [main] Log - Validation add customers
[INFO] 10-07-2023 21:45:37 [main] Log - Add a new customer success
[INFO] 10-07-2023 21:45:39 [main] Log - Driver in TestContext: ChromeDriver: chrome on windows (0b054823de57a5fc76c0bce3a37aedd2)
[INFO] 10-07-2023 21:45:48 [main] Log - Add a new customer success
[INFO] 10-07-2023 21:45:51 [main] Log - Add a new customer success
[INFO] 10-07-2023 21:45:58 [main] Log - Add a new customer success
[INFO] 10-07-2023 21:45:59 [main] Log - Add a new customer success
[INFO] 10-07-2023 21:46:00 [main] Log - Validation add customers
[INFO] 10-07-2023 21:46:00 [main] Log - Driver in TestContext: ChromeDriver: chrome on windows (a6e5c8ab9ea859842b67d0dd029b6901)
[INFO] 10-07-2023 21:46:09 [main] Log - Validation add customers
[INFO] 10-07-2023 21:46:12 [main] Log - Validation add customers
[INFO] 10-07-2023 21:46:52 [main] Log - Validation add customers
[INFO] 10-07-2023 21:48:36 [main] Log - Add a new customer success
[INFO] 10-07-2023 21:48:38 [main] Log - Driver in TestContext: ChromeDriver: chrome on windows (d39df90f72e5768f32a7248780afaeb6)
[INFO] 10-07-2023 21:48:48 [main] Log - Add a new customer success
[INFO] 10-07-2023 21:48:50 [main] Log - Add a new customer success
[INFO] 10-07-2023 21:48:57 [main] Log - Add a new customer success
[INFO] 10-07-2023 21:48:58 [main] Log - Add a new customer success
[INFO] 10-07-2023 21:48:59 [main] Log - Validation add customers
[INFO] 10-07-2023 21:49:00 [main] Log - Driver in TestContext: ChromeDriver: chrome on windows (b85a01535fba9c661b0cd7d80b7b7c4c)
[INFO] 10-07-2023 21:49:09 [main] Log - Validation add customers
[INFO] 10-07-2023 21:49:12 [main] Log - Validation add customers
[INFO] 10-07-2023 21:49:51 [main] Log - Validation add customers
[INFO] 10-07-2023 21:55:05 [main] Log - Add a new customer success
[INFO] 10-07-2023 21:55:08 [main] Log - Driver in TestContext: ChromeDriver: chrome on windows (9676c2ab199b1aa80d4f25d6d802d86d)
[INFO] 10-07-2023 21:55:17 [main] Log - Add a new customer success
[INFO] 10-07-2023 21:55:20 [main] Log - Add a new customer success
[INFO] 10-07-2023 21:55:26 [main] Log - Add a new customer success
[INFO] 10-07-2023 21:55:28 [main] Log - Add a new customer success
[INFO] 10-07-2023 21:55:28 [main] Log - Validation add customers
[INFO] 10-07-2023 21:55:29 [main] Log - Driver in TestContext: ChromeDriver: chrome on windows (9929f6fcc250c6375eb8f2b20025ccf7)
[INFO] 10-07-2023 21:55:38 [main] Log - Validation add customers
[INFO] 10-07-2023 21:55:41 [main] Log - Validation add customers
[INFO] 10-07-2023 21:56:20 [main] Log - Validation add customers
[INFO] 10-07-2023 22:00:06 [main] Log - Add a new customer success
[INFO] 10-07-2023 22:00:08 [main] Log - Driver in TestContext: ChromeDriver: chrome on windows (acbaa250ee546edf0b6963184ea37677)
[INFO] 10-07-2023 22:00:17 [main] Log - Add a new customer success
[INFO] 10-07-2023 22:00:20 [main] Log - Add a new customer success
[INFO] 10-07-2023 22:00:27 [main] Log - Add a new customer success
[INFO] 10-07-2023 22:00:28 [main] Log - Add a new customer success
[INFO] 10-07-2023 22:00:29 [main] Log - Validation add customers
[INFO] 10-07-2023 22:00:30 [main] Log - Driver in TestContext: ChromeDriver: chrome on windows (14592614c4e640c86a5d2fc642a4d5d1)
[INFO] 10-07-2023 22:00:38 [main] Log - Validation add customers
[INFO] 10-07-2023 22:00:41 [main] Log - Validation add customers
[INFO] 10-07-2023 22:01:20 [main] Log - Validation add customers
[INFO] 10-07-2023 22:08:50 [main] Log - Add a new customer success
[INFO] 10-07-2023 22:08:53 [main] Log - Driver in TestContext: ChromeDriver: chrome on windows (3f1d6cfcecf936503cbb04a7f1532ee4)
[INFO] 10-07-2023 22:09:02 [main] Log - Add a new customer success
[INFO] 10-07-2023 22:09:05 [main] Log - Add a new customer success
[INFO] 10-07-2023 22:09:12 [main] Log - Add a new customer success
[INFO] 10-07-2023 22:09:13 [main] Log - Add a new customer success
[INFO] 10-07-2023 22:09:14 [main] Log - Validation add customers
[INFO] 10-07-2023 22:09:15 [main] Log - Driver in TestContext: ChromeDriver: chrome on windows (42baaac5fd6dc758f015e70c65da2f37)
[INFO] 10-07-2023 22:09:23 [main] Log - Validation add customers
[INFO] 10-07-2023 22:09:26 [main] Log - Validation add customers
[INFO] 10-07-2023 22:10:06 [main] Log - Validation add customers
[INFO] 10-07-2023 22:10:06 [main] Log - Delete customer
[INFO] 10-07-2023 22:10:07 [main] Log - Driver in TestContext: ChromeDriver: chrome on windows (65fa0c27f890eea8023ff588de384ba6)
[INFO] 10-07-2023 22:10:17 [main] Log - Delete customer
[INFO] 10-07-2023 22:10:18 [main] Log - Delete customer
[INFO] 10-07-2023 22:10:22 [main] Log - Delete customer
[INFO] 10-07-2023 22:10:23 [main] Log - Delete customer
[INFO] 10-07-2023 22:10:25 [main] Log - Delete customer
[INFO] 10-07-2023 22:10:27 [main] Log - Edit customers successfully on the CRM page
[INFO] 10-07-2023 22:10:28 [main] Log - Driver in TestContext: ChromeDriver: chrome on windows (a88eba5f75cfc11c15c03a90619c0331)
[INFO] 10-07-2023 22:10:38 [main] Log - Edit customers successfully on the CRM page
[INFO] 10-07-2023 22:10:39 [main] Log - Edit customers successfully on the CRM page
[INFO] 10-07-2023 22:11:07 [main] Log - Edit customers successfully on the CRM page
